{"/home/travis/build/npmtest/node-npmtest-dummy-json/test.js":{"path":"/home/travis/build/npmtest/node-npmtest-dummy-json/test.js","s":{"1":2,"2":2,"3":2,"4":2,"5":2,"6":2,"7":2,"8":1,"9":2,"10":2,"11":1,"12":1,"13":1,"14":1,"15":2,"16":2,"17":2,"18":2,"19":1,"20":1,"21":2,"22":2,"23":2,"24":1,"25":1,"26":1,"27":1,"28":1,"29":1,"30":1,"31":1,"32":1,"33":1,"34":1,"35":1,"36":1,"37":2,"38":2,"39":1,"40":2,"41":2,"42":1,"43":2,"44":2,"45":1,"46":2,"47":2,"48":1,"49":1,"50":1,"51":1,"52":1},"b":{"1":[2,1,1,1],"2":[1,1,1,1],"3":[1,1],"4":[1,1],"5":[1,1],"6":[1,1],"7":[1,1],"8":[1,1],"9":[1,1,1],"10":[1,1],"11":[1,1],"12":[1,1],"13":[1,1],"14":[1,1],"15":[1,1],"16":[1,1]},"f":{"1":2,"2":2,"3":2,"4":2,"5":2,"6":1,"7":1,"8":2,"9":2,"10":2,"11":2,"12":1},"fnMap":{"1":{"name":"(anonymous_1)","line":12,"loc":{"start":{"line":12,"column":1},"end":{"line":12,"column":13}}},"2":{"name":"(anonymous_2)","line":19,"loc":{"start":{"line":19,"column":5},"end":{"line":19,"column":17}}},"3":{"name":"(anonymous_3)","line":23,"loc":{"start":{"line":23,"column":24},"end":{"line":23,"column":36}}},"4":{"name":"(anonymous_4)","line":61,"loc":{"start":{"line":61,"column":5},"end":{"line":61,"column":17}}},"5":{"name":"(anonymous_5)","line":82,"loc":{"start":{"line":82,"column":5},"end":{"line":82,"column":17}}},"6":{"name":"(anonymous_6)","line":102,"loc":{"start":{"line":102,"column":83},"end":{"line":105,"column":10}},"skip":true},"7":{"name":"(anonymous_7)","line":113,"loc":{"start":{"line":113,"column":77},"end":{"line":116,"column":10}},"skip":true},"8":{"name":"(anonymous_8)","line":129,"loc":{"start":{"line":129,"column":12},"end":{"line":129,"column":40}},"skip":true},"9":{"name":"(anonymous_9)","line":137,"loc":{"start":{"line":137,"column":77},"end":{"line":140,"column":10}},"skip":true},"10":{"name":"(anonymous_10)","line":148,"loc":{"start":{"line":148,"column":83},"end":{"line":151,"column":10}},"skip":true},"11":{"name":"(anonymous_11)","line":159,"loc":{"start":{"line":159,"column":79},"end":{"line":162,"column":10}},"skip":true},"12":{"name":"(anonymous_12)","line":170,"loc":{"start":{"line":170,"column":75},"end":{"line":173,"column":10}},"skip":true}},"statementMap":{"1":{"start":{"line":12,"column":0},"end":{"line":185,"column":5}},"2":{"start":{"line":14,"column":4},"end":{"line":14,"column":14}},"3":{"start":{"line":19,"column":4},"end":{"line":56,"column":9}},"4":{"start":{"line":21,"column":8},"end":{"line":21,"column":19}},"5":{"start":{"line":23,"column":8},"end":{"line":35,"column":13}},"6":{"start":{"line":24,"column":12},"end":{"line":34,"column":13}},"7":{"start":{"line":25,"column":16},"end":{"line":28,"column":30}},"8":{"start":{"line":30,"column":16},"end":{"line":33,"column":27}},"9":{"start":{"line":37,"column":8},"end":{"line":39,"column":21}},"10":{"start":{"line":40,"column":8},"end":{"line":53,"column":9}},"11":{"start":{"line":43,"column":12},"end":{"line":46,"column":14}},"12":{"start":{"line":47,"column":12},"end":{"line":47,"column":18}},"13":{"start":{"line":50,"column":12},"end":{"line":51,"column":46}},"14":{"start":{"line":52,"column":12},"end":{"line":52,"column":18}},"15":{"start":{"line":55,"column":8},"end":{"line":55,"column":35}},"16":{"start":{"line":61,"column":4},"end":{"line":63,"column":9}},"17":{"start":{"line":62,"column":8},"end":{"line":62,"column":15}},"18":{"start":{"line":64,"column":4},"end":{"line":77,"column":5}},"19":{"start":{"line":70,"column":8},"end":{"line":70,"column":14}},"20":{"start":{"line":76,"column":8},"end":{"line":76,"column":14}},"21":{"start":{"line":82,"column":4},"end":{"line":84,"column":9}},"22":{"start":{"line":83,"column":8},"end":{"line":83,"column":15}},"23":{"start":{"line":85,"column":4},"end":{"line":184,"column":5}},"24":{"start":{"line":92,"column":8},"end":{"line":94,"column":63}},"25":{"start":{"line":95,"column":8},"end":{"line":95,"column":14}},"26":{"start":{"line":102,"column":8},"end":{"line":111,"column":10},"skip":true},"27":{"start":{"line":109,"column":12},"end":{"line":109,"column":55},"skip":true},"28":{"start":{"line":110,"column":12},"end":{"line":110,"column":48},"skip":true},"29":{"start":{"line":113,"column":8},"end":{"line":126,"column":10},"skip":true},"30":{"start":{"line":120,"column":12},"end":{"line":120,"column":76},"skip":true},"31":{"start":{"line":121,"column":12},"end":{"line":121,"column":73},"skip":true},"32":{"start":{"line":122,"column":12},"end":{"line":122,"column":74},"skip":true},"33":{"start":{"line":123,"column":12},"end":{"line":123,"column":79},"skip":true},"34":{"start":{"line":124,"column":12},"end":{"line":124,"column":25},"skip":true},"35":{"start":{"line":125,"column":12},"end":{"line":125,"column":45},"skip":true},"36":{"start":{"line":128,"column":8},"end":{"line":135,"column":14},"skip":true},"37":{"start":{"line":133,"column":16},"end":{"line":133,"column":29},"skip":true},"38":{"start":{"line":134,"column":16},"end":{"line":134,"column":55},"skip":true},"39":{"start":{"line":137,"column":8},"end":{"line":146,"column":10},"skip":true},"40":{"start":{"line":144,"column":12},"end":{"line":144,"column":25},"skip":true},"41":{"start":{"line":145,"column":12},"end":{"line":145,"column":45},"skip":true},"42":{"start":{"line":148,"column":8},"end":{"line":157,"column":10},"skip":true},"43":{"start":{"line":155,"column":12},"end":{"line":155,"column":25},"skip":true},"44":{"start":{"line":156,"column":12},"end":{"line":156,"column":48},"skip":true},"45":{"start":{"line":159,"column":8},"end":{"line":168,"column":10},"skip":true},"46":{"start":{"line":166,"column":12},"end":{"line":166,"column":25},"skip":true},"47":{"start":{"line":167,"column":12},"end":{"line":167,"column":46},"skip":true},"48":{"start":{"line":170,"column":8},"end":{"line":179,"column":10},"skip":true},"49":{"start":{"line":177,"column":12},"end":{"line":177,"column":94},"skip":true},"50":{"start":{"line":178,"column":12},"end":{"line":178,"column":48},"skip":true},"51":{"start":{"line":182,"column":8},"end":{"line":182,"column":35},"skip":true},"52":{"start":{"line":183,"column":8},"end":{"line":183,"column":14},"skip":true}},"branchMap":{"1":{"line":25,"type":"binary-expr","locations":[{"start":{"line":25,"column":23},"end":{"line":25,"column":62}},{"start":{"line":26,"column":20},"end":{"line":26,"column":70}},{"start":{"line":27,"column":20},"end":{"line":27,"column":71}},{"start":{"line":28,"column":20},"end":{"line":28,"column":29}}]},"2":{"line":30,"type":"binary-expr","locations":[{"start":{"line":30,"column":23},"end":{"line":30,"column":37}},{"start":{"line":31,"column":20},"end":{"line":31,"column":61}},{"start":{"line":32,"column":20},"end":{"line":32,"column":70}},{"start":{"line":33,"column":20},"end":{"line":33,"column":26}}]},"3":{"line":37,"type":"cond-expr","locations":[{"start":{"line":38,"column":14},"end":{"line":38,"column":20}},{"start":{"line":39,"column":14},"end":{"line":39,"column":20}}]},"4":{"line":40,"type":"switch","locations":[{"start":{"line":42,"column":8},"end":{"line":47,"column":18}},{"start":{"line":49,"column":8},"end":{"line":52,"column":18}}]},"5":{"line":44,"type":"binary-expr","locations":[{"start":{"line":44,"column":16},"end":{"line":44,"column":44}},{"start":{"line":44,"column":48},"end":{"line":44,"column":66}}]},"6":{"line":50,"type":"binary-expr","locations":[{"start":{"line":50,"column":21},"end":{"line":50,"column":49}},{"start":{"line":50,"column":53},"end":{"line":50,"column":72}}]},"7":{"line":64,"type":"switch","locations":[{"start":{"line":69,"column":4},"end":{"line":70,"column":14}},{"start":{"line":75,"column":4},"end":{"line":76,"column":14}}]},"8":{"line":85,"type":"switch","locations":[{"start":{"line":90,"column":4},"end":{"line":95,"column":14}},{"start":{"line":101,"column":4},"end":{"line":183,"column":14},"skip":true}]},"9":{"line":92,"type":"binary-expr","locations":[{"start":{"line":92,"column":18},"end":{"line":92,"column":32}},{"start":{"line":93,"column":12},"end":{"line":93,"column":53}},{"start":{"line":94,"column":12},"end":{"line":94,"column":61}}]},"10":{"line":102,"type":"binary-expr","locations":[{"start":{"line":102,"column":45},"end":{"line":102,"column":79},"skip":true},{"start":{"line":102,"column":83},"end":{"line":111,"column":9},"skip":true}]},"11":{"line":113,"type":"binary-expr","locations":[{"start":{"line":113,"column":42},"end":{"line":113,"column":73},"skip":true},{"start":{"line":113,"column":77},"end":{"line":126,"column":9},"skip":true}]},"12":{"line":128,"type":"binary-expr","locations":[{"start":{"line":128,"column":48},"end":{"line":128,"column":85},"skip":true},{"start":{"line":129,"column":12},"end":{"line":135,"column":13},"skip":true}]},"13":{"line":137,"type":"binary-expr","locations":[{"start":{"line":137,"column":42},"end":{"line":137,"column":73},"skip":true},{"start":{"line":137,"column":77},"end":{"line":146,"column":9},"skip":true}]},"14":{"line":148,"type":"binary-expr","locations":[{"start":{"line":148,"column":45},"end":{"line":148,"column":79},"skip":true},{"start":{"line":148,"column":83},"end":{"line":157,"column":9},"skip":true}]},"15":{"line":159,"type":"binary-expr","locations":[{"start":{"line":159,"column":43},"end":{"line":159,"column":75},"skip":true},{"start":{"line":159,"column":79},"end":{"line":168,"column":9},"skip":true}]},"16":{"line":170,"type":"binary-expr","locations":[{"start":{"line":170,"column":41},"end":{"line":170,"column":71},"skip":true},{"start":{"line":170,"column":75},"end":{"line":179,"column":9},"skip":true}]}},"code":["/* istanbul instrument in package npmtest_dummy_json */","/*jslint","    bitwise: true,","    browser: true,","    maxerr: 8,","    maxlen: 96,","    node: true,","    nomen: true,","    regexp: true,","    stupid: true","*/","(function () {","    'use strict';","    var local;","","","","    // run shared js-env code - pre-init","    (function () {","        // init local","        local = {};","        // init modeJs","        local.modeJs = (function () {","            try {","                return typeof navigator.userAgent === 'string' &&","                    typeof document.querySelector('body') === 'object' &&","                    typeof XMLHttpRequest.prototype.open === 'function' &&","                    'browser';","            } catch (errorCaughtBrowser) {","                return module.exports &&","                    typeof process.versions.node === 'string' &&","                    typeof require('http').createServer === 'function' &&","                    'node';","            }","        }());","        // init global","        local.global = local.modeJs === 'browser'","            ? window","            : global;","        switch (local.modeJs) {","        // re-init local from window.local","        case 'browser':","            local = local.global.utility2.objectSetDefault(","                local.global.utility2_rollup || local.global.local,","                local.global.utility2","            );","            break;","        // re-init local from example.js","        case 'node':","            local = (local.global.utility2_rollup || require('utility2'))","                .requireExampleJsFromReadme();","            break;","        }","        // export local","        local.global.local = local;","    }());","","","","    // run shared js-env code - function","    (function () {","        return;","    }());","    switch (local.modeJs) {","","","","    // run browser js-env code - function","    case 'browser':","        break;","","","","    // run node js-env code - function","    case 'node':","        break;","    }","","","","    // run shared js-env code - post-init","    (function () {","        return;","    }());","    switch (local.modeJs) {","","","","    // run browser js-env code - post-init","    case 'browser':","        // run tests","        local.nop(local.modeTest &&","            document.querySelector('#testRunButton1') &&","            document.querySelector('#testRunButton1').click());","        break;","","","","    // run node js-env code - post-init","    /* istanbul ignore next */","    case 'node':","        local.testCase_buildApidoc_default = local.testCase_buildApidoc_default || function (","            options,","            onError","        ) {","        /*","         * this function will test buildApidoc's default handling-behavior-behavior","         */","            options = { modulePathList: module.paths };","            local.buildApidoc(options, onError);","        };","","        local.testCase_buildApp_default = local.testCase_buildApp_default || function (","            options,","            onError","        ) {","        /*","         * this function will test buildApp's default handling-behavior-behavior","         */","            local.testCase_buildReadme_default(options, local.onErrorThrow);","            local.testCase_buildLib_default(options, local.onErrorThrow);","            local.testCase_buildTest_default(options, local.onErrorThrow);","            local.testCase_buildCustomOrg_default(options, local.onErrorThrow);","            options = [];","            local.buildApp(options, onError);","        };","","        local.testCase_buildCustomOrg_default = local.testCase_buildCustomOrg_default ||","            function (options, onError) {","            /*","             * this function will test buildCustomOrg's default handling-behavior","             */","                options = {};","                local.buildCustomOrg(options, onError);","            };","","        local.testCase_buildLib_default = local.testCase_buildLib_default || function (","            options,","            onError","        ) {","        /*","         * this function will test buildLib's default handling-behavior","         */","            options = {};","            local.buildLib(options, onError);","        };","","        local.testCase_buildReadme_default = local.testCase_buildReadme_default || function (","            options,","            onError","        ) {","        /*","         * this function will test buildReadme's default handling-behavior-behavior","         */","            options = {};","            local.buildReadme(options, onError);","        };","","        local.testCase_buildTest_default = local.testCase_buildTest_default || function (","            options,","            onError","        ) {","        /*","         * this function will test buildTest's default handling-behavior","         */","            options = {};","            local.buildTest(options, onError);","        };","","        local.testCase_webpage_default = local.testCase_webpage_default || function (","            options,","            onError","        ) {","        /*","         * this function will test webpage's default handling-behavior","         */","            options = { modeCoverageMerge: true, url: local.serverLocalHost + '?modeTest=1' };","            local.browserTest(options, onError);","        };","","        // run test-server","        local.testRunServer(local);","        break;","    }","}());",""],"l":{"12":2,"14":2,"19":2,"21":2,"23":2,"24":2,"25":2,"30":1,"37":2,"40":2,"43":1,"47":1,"50":1,"52":1,"55":2,"61":2,"62":2,"64":2,"70":1,"76":1,"82":2,"83":2,"85":2,"92":1,"95":1,"102":1,"109":1,"110":1,"113":1,"120":1,"121":1,"122":1,"123":1,"124":1,"125":1,"128":1,"133":2,"134":2,"137":1,"144":2,"145":2,"148":1,"155":2,"156":2,"159":1,"166":2,"167":2,"170":1,"177":1,"178":1,"182":1,"183":1}},"/home/travis/build/npmtest/node-npmtest-dummy-json/lib.npmtest_dummy_json.js":{"path":"/home/travis/build/npmtest/node-npmtest-dummy-json/lib.npmtest_dummy_json.js","s":{"1":2,"2":2,"3":2,"4":2,"5":2,"6":2,"7":2,"8":1,"9":2,"10":2,"11":2,"12":2,"13":1,"14":1,"15":1,"16":1},"b":{"1":[2,1,1,1],"2":[1,1,1,1],"3":[1,1],"4":[2,2],"5":[1,1]},"f":{"1":2,"2":2,"3":2},"fnMap":{"1":{"name":"(anonymous_1)","line":12,"loc":{"start":{"line":12,"column":1},"end":{"line":12,"column":13}}},"2":{"name":"(anonymous_2)","line":19,"loc":{"start":{"line":19,"column":5},"end":{"line":19,"column":17}}},"3":{"name":"(anonymous_3)","line":23,"loc":{"start":{"line":23,"column":24},"end":{"line":23,"column":36}}}},"statementMap":{"1":{"start":{"line":12,"column":0},"end":{"line":53,"column":5}},"2":{"start":{"line":14,"column":4},"end":{"line":14,"column":14}},"3":{"start":{"line":19,"column":4},"end":{"line":52,"column":9}},"4":{"start":{"line":21,"column":8},"end":{"line":21,"column":19}},"5":{"start":{"line":23,"column":8},"end":{"line":35,"column":13}},"6":{"start":{"line":24,"column":12},"end":{"line":34,"column":13}},"7":{"start":{"line":25,"column":16},"end":{"line":28,"column":30}},"8":{"start":{"line":30,"column":16},"end":{"line":33,"column":27}},"9":{"start":{"line":37,"column":8},"end":{"line":39,"column":21}},"10":{"start":{"line":41,"column":8},"end":{"line":41,"column":54}},"11":{"start":{"line":43,"column":8},"end":{"line":43,"column":55}},"12":{"start":{"line":45,"column":8},"end":{"line":51,"column":9}},"13":{"start":{"line":46,"column":12},"end":{"line":46,"column":61}},"14":{"start":{"line":48,"column":12},"end":{"line":48,"column":35}},"15":{"start":{"line":49,"column":12},"end":{"line":49,"column":49}},"16":{"start":{"line":50,"column":12},"end":{"line":50,"column":43}}},"branchMap":{"1":{"line":25,"type":"binary-expr","locations":[{"start":{"line":25,"column":23},"end":{"line":25,"column":62}},{"start":{"line":26,"column":20},"end":{"line":26,"column":70}},{"start":{"line":27,"column":20},"end":{"line":27,"column":71}},{"start":{"line":28,"column":20},"end":{"line":28,"column":29}}]},"2":{"line":30,"type":"binary-expr","locations":[{"start":{"line":30,"column":23},"end":{"line":30,"column":37}},{"start":{"line":31,"column":20},"end":{"line":31,"column":61}},{"start":{"line":32,"column":20},"end":{"line":32,"column":70}},{"start":{"line":33,"column":20},"end":{"line":33,"column":26}}]},"3":{"line":37,"type":"cond-expr","locations":[{"start":{"line":38,"column":14},"end":{"line":38,"column":20}},{"start":{"line":39,"column":14},"end":{"line":39,"column":20}}]},"4":{"line":41,"type":"binary-expr","locations":[{"start":{"line":41,"column":16},"end":{"line":41,"column":44}},{"start":{"line":41,"column":48},"end":{"line":41,"column":53}}]},"5":{"line":45,"type":"if","locations":[{"start":{"line":45,"column":8},"end":{"line":45,"column":8}},{"start":{"line":45,"column":8},"end":{"line":45,"column":8}}]}},"code":["/* istanbul instrument in package npmtest_dummy_json */","/*jslint","    bitwise: true,","    browser: true,","    maxerr: 8,","    maxlen: 96,","    node: true,","    nomen: true,","    regexp: true,","    stupid: true","*/","(function () {","    'use strict';","    var local;","","","","    // run shared js-env code - pre-init","    (function () {","        // init local","        local = {};","        // init modeJs","        local.modeJs = (function () {","            try {","                return typeof navigator.userAgent === 'string' &&","                    typeof document.querySelector('body') === 'object' &&","                    typeof XMLHttpRequest.prototype.open === 'function' &&","                    'browser';","            } catch (errorCaughtBrowser) {","                return module.exports &&","                    typeof process.versions.node === 'string' &&","                    typeof require('http').createServer === 'function' &&","                    'node';","            }","        }());","        // init global","        local.global = local.modeJs === 'browser'","            ? window","            : global;","        // init utility2_rollup","        local = local.global.utility2_rollup || local;","        // init lib","        local.local = local.npmtest_dummy_json = local;","        // init exports","        if (local.modeJs === 'browser') {","            local.global.utility2_npmtest_dummy_json = local;","        } else {","            module.exports = local;","            module.exports.__dirname = __dirname;","            module.exports.module = module;","        }","    }());","}());",""],"l":{"12":2,"14":2,"19":2,"21":2,"23":2,"24":2,"25":2,"30":1,"37":2,"41":2,"43":2,"45":2,"46":1,"48":1,"49":1,"50":1}},"/home/travis/build/npmtest/node-npmtest-dummy-json/example.js":{"path":"/home/travis/build/npmtest/node-npmtest-dummy-json/example.js","s":{"1":2,"2":2,"3":2,"4":2,"5":2,"6":2,"7":2,"8":1,"9":2,"10":2,"11":2,"12":2,"13":1,"14":2,"15":2,"16":2,"17":2,"18":2,"19":0,"20":2,"21":1,"22":1,"23":1,"24":1,"25":1,"26":0,"27":0,"28":1,"29":1,"30":2,"31":0,"32":0,"33":0,"34":1,"35":2,"36":2,"37":2,"38":2,"39":2,"40":2,"41":0,"42":2,"43":2,"44":2,"45":1,"46":3,"47":1,"48":1,"49":1,"50":1,"51":1,"52":1,"53":1,"54":1,"55":1,"56":1,"57":0,"58":1,"59":6,"60":6,"61":1,"62":2,"63":0,"64":2,"65":1,"66":1,"67":0,"68":0,"69":0,"70":0,"71":0,"72":0,"73":0,"74":0,"75":0,"76":0,"77":0,"78":0,"79":0,"80":0,"81":0,"82":0,"83":0},"b":{"1":[2,1,1,1],"2":[1,1,1,1],"3":[1,1],"4":[2,2],"5":[1,1],"6":[1,1],"7":[2,0],"8":[2,1,1,1,1,1],"9":[0,2,0],"10":[1,1],"11":[2,1,1],"12":[1,0],"13":[0,2],"14":[2,0,0,0,0,0,0],"15":[0,2],"16":[2,0],"17":[1,1],"18":[0,1],"19":[1,2,0,2],"20":[1,0],"21":[1,1],"22":[0,0],"23":[0,0],"24":[0,0],"25":[0,0],"26":[0,0],"27":[0,0],"28":[0,0]},"f":{"1":2,"2":2,"3":2,"4":2,"5":2,"6":2,"7":2,"8":2,"9":3,"10":1,"11":6,"12":0},"fnMap":{"1":{"name":"(anonymous_1)","line":26,"loc":{"start":{"line":26,"column":1},"end":{"line":26,"column":13}}},"2":{"name":"(anonymous_2)","line":33,"loc":{"start":{"line":33,"column":5},"end":{"line":33,"column":17}}},"3":{"name":"(anonymous_3)","line":37,"loc":{"start":{"line":37,"column":24},"end":{"line":37,"column":36}}},"4":{"name":"(anonymous_4)","line":69,"loc":{"start":{"line":69,"column":31},"end":{"line":69,"column":48}},"skip":true},"5":{"name":"(anonymous_5)","line":78,"loc":{"start":{"line":78,"column":26},"end":{"line":78,"column":45}},"skip":true},"6":{"name":"(anonymous_6)","line":123,"loc":{"start":{"line":123,"column":33},"end":{"line":123,"column":48}},"skip":true},"7":{"name":"(anonymous_7)","line":125,"loc":{"start":{"line":125,"column":27},"end":{"line":125,"column":39}},"skip":true},"8":{"name":"(anonymous_8)","line":133,"loc":{"start":{"line":133,"column":59},"end":{"line":133,"column":74}},"skip":true},"9":{"name":"(anonymous_9)","line":143,"loc":{"start":{"line":143,"column":45},"end":{"line":143,"column":62}},"skip":true},"10":{"name":"(anonymous_10)","line":144,"loc":{"start":{"line":144,"column":73},"end":{"line":144,"column":92}},"skip":true},"11":{"name":"(anonymous_11)","line":272,"loc":{"start":{"line":272,"column":51},"end":{"line":272,"column":77}},"skip":true},"12":{"name":"(anonymous_12)","line":314,"loc":{"start":{"line":314,"column":32},"end":{"line":314,"column":61}},"skip":true}},"statementMap":{"1":{"start":{"line":26,"column":0},"end":{"line":325,"column":5}},"2":{"start":{"line":28,"column":4},"end":{"line":28,"column":14}},"3":{"start":{"line":33,"column":4},"end":{"line":60,"column":9}},"4":{"start":{"line":35,"column":8},"end":{"line":35,"column":19}},"5":{"start":{"line":37,"column":8},"end":{"line":49,"column":13}},"6":{"start":{"line":38,"column":12},"end":{"line":48,"column":13}},"7":{"start":{"line":39,"column":16},"end":{"line":42,"column":30}},"8":{"start":{"line":44,"column":16},"end":{"line":47,"column":27}},"9":{"start":{"line":51,"column":8},"end":{"line":53,"column":21}},"10":{"start":{"line":55,"column":8},"end":{"line":57,"column":45}},"11":{"start":{"line":59,"column":8},"end":{"line":59,"column":35}},"12":{"start":{"line":61,"column":4},"end":{"line":324,"column":5}},"13":{"start":{"line":69,"column":8},"end":{"line":121,"column":10},"skip":true},"14":{"start":{"line":70,"column":12},"end":{"line":88,"column":13},"skip":true},"15":{"start":{"line":76,"column":16},"end":{"line":87,"column":19},"skip":true},"16":{"start":{"line":79,"column":20},"end":{"line":86,"column":21},"skip":true},"17":{"start":{"line":82,"column":24},"end":{"line":82,"column":43},"skip":true},"18":{"start":{"line":83,"column":24},"end":{"line":83,"column":30},"skip":true},"19":{"start":{"line":85,"column":24},"end":{"line":85,"column":49},"skip":true},"20":{"start":{"line":89,"column":12},"end":{"line":107,"column":13},"skip":true},"21":{"start":{"line":92,"column":16},"end":{"line":102,"column":17},"skip":true},"22":{"start":{"line":93,"column":20},"end":{"line":93,"column":86},"skip":true},"23":{"start":{"line":94,"column":20},"end":{"line":95,"column":45},"skip":true},"24":{"start":{"line":96,"column":20},"end":{"line":96,"column":42},"skip":true},"25":{"start":{"line":97,"column":20},"end":{"line":97,"column":48},"skip":true},"26":{"start":{"line":100,"column":20},"end":{"line":100,"column":85},"skip":true},"27":{"start":{"line":101,"column":20},"end":{"line":101,"column":96},"skip":true},"28":{"start":{"line":103,"column":16},"end":{"line":103,"column":22},"skip":true},"29":{"start":{"line":106,"column":16},"end":{"line":106,"column":22},"skip":true},"30":{"start":{"line":108,"column":12},"end":{"line":120,"column":13},"skip":true},"31":{"start":{"line":114,"column":16},"end":{"line":119,"column":17},"skip":true},"32":{"start":{"line":116,"column":20},"end":{"line":116,"column":78},"skip":true},"33":{"start":{"line":118,"column":20},"end":{"line":118,"column":47},"skip":true},"34":{"start":{"line":123,"column":8},"end":{"line":141,"column":11},"skip":true},"35":{"start":{"line":124,"column":12},"end":{"line":124,"column":54},"skip":true},"36":{"start":{"line":125,"column":12},"end":{"line":140,"column":14},"skip":true},"37":{"start":{"line":126,"column":16},"end":{"line":126,"column":28},"skip":true},"38":{"start":{"line":127,"column":16},"end":{"line":127,"column":69},"skip":true},"39":{"start":{"line":128,"column":16},"end":{"line":128,"column":75},"skip":true},"40":{"start":{"line":129,"column":16},"end":{"line":131,"column":17},"skip":true},"41":{"start":{"line":130,"column":20},"end":{"line":130,"column":27},"skip":true},"42":{"start":{"line":133,"column":16},"end":{"line":137,"column":36},"skip":true},"43":{"start":{"line":134,"column":20},"end":{"line":136,"column":55},"skip":true},"44":{"start":{"line":139,"column":16},"end":{"line":139,"column":57},"skip":true},"45":{"start":{"line":143,"column":8},"end":{"line":147,"column":11},"skip":true},"46":{"start":{"line":144,"column":12},"end":{"line":146,"column":15},"skip":true},"47":{"start":{"line":145,"column":16},"end":{"line":145,"column":70},"skip":true},"48":{"start":{"line":149,"column":8},"end":{"line":149,"column":31},"skip":true},"49":{"start":{"line":150,"column":8},"end":{"line":150,"column":14},"skip":true},"50":{"start":{"line":158,"column":8},"end":{"line":158,"column":31},"skip":true},"51":{"start":{"line":160,"column":8},"end":{"line":160,"column":33},"skip":true},"52":{"start":{"line":161,"column":8},"end":{"line":161,"column":37},"skip":true},"53":{"start":{"line":162,"column":8},"end":{"line":162,"column":35},"skip":true},"54":{"start":{"line":164,"column":8},"end":{"line":164,"column":50},"skip":true},"55":{"start":{"line":166,"column":8},"end":{"line":256,"column":2},"skip":true},"56":{"start":{"line":258,"column":8},"end":{"line":286,"column":9},"skip":true},"57":{"start":{"line":259,"column":12},"end":{"line":269,"column":14},"skip":true},"58":{"start":{"line":271,"column":12},"end":{"line":285,"column":19},"skip":true},"59":{"start":{"line":274,"column":20},"end":{"line":274,"column":35},"skip":true},"60":{"start":{"line":275,"column":20},"end":{"line":284,"column":21},"skip":true},"61":{"start":{"line":277,"column":24},"end":{"line":277,"column":64},"skip":true},"62":{"start":{"line":279,"column":24},"end":{"line":279,"column":40},"skip":true},"63":{"start":{"line":281,"column":24},"end":{"line":281,"column":40},"skip":true},"64":{"start":{"line":283,"column":24},"end":{"line":283,"column":39},"skip":true},"65":{"start":{"line":288,"column":8},"end":{"line":290,"column":9},"skip":true},"66":{"start":{"line":289,"column":12},"end":{"line":289,"column":18},"skip":true},"67":{"start":{"line":291,"column":8},"end":{"line":293,"column":54},"skip":true},"68":{"start":{"line":294,"column":8},"end":{"line":301,"column":37},"skip":true},"69":{"start":{"line":302,"column":8},"end":{"line":302,"column":82},"skip":true},"70":{"start":{"line":305,"column":8},"end":{"line":307,"column":9},"skip":true},"71":{"start":{"line":306,"column":12},"end":{"line":306,"column":82},"skip":true},"72":{"start":{"line":309,"column":8},"end":{"line":311,"column":9},"skip":true},"73":{"start":{"line":310,"column":12},"end":{"line":310,"column":18},"skip":true},"74":{"start":{"line":312,"column":8},"end":{"line":312,"column":54},"skip":true},"75":{"start":{"line":313,"column":8},"end":{"line":313,"column":69},"skip":true},"76":{"start":{"line":314,"column":8},"end":{"line":322,"column":36},"skip":true},"77":{"start":{"line":315,"column":12},"end":{"line":315,"column":61},"skip":true},"78":{"start":{"line":316,"column":12},"end":{"line":319,"column":13},"skip":true},"79":{"start":{"line":317,"column":16},"end":{"line":317,"column":75},"skip":true},"80":{"start":{"line":318,"column":16},"end":{"line":318,"column":23},"skip":true},"81":{"start":{"line":320,"column":12},"end":{"line":320,"column":38},"skip":true},"82":{"start":{"line":321,"column":12},"end":{"line":321,"column":27},"skip":true},"83":{"start":{"line":323,"column":8},"end":{"line":323,"column":14},"skip":true}},"branchMap":{"1":{"line":39,"type":"binary-expr","locations":[{"start":{"line":39,"column":23},"end":{"line":39,"column":62}},{"start":{"line":40,"column":20},"end":{"line":40,"column":70}},{"start":{"line":41,"column":20},"end":{"line":41,"column":71}},{"start":{"line":42,"column":20},"end":{"line":42,"column":29}}]},"2":{"line":44,"type":"binary-expr","locations":[{"start":{"line":44,"column":23},"end":{"line":44,"column":37}},{"start":{"line":45,"column":20},"end":{"line":45,"column":61}},{"start":{"line":46,"column":20},"end":{"line":46,"column":70}},{"start":{"line":47,"column":20},"end":{"line":47,"column":26}}]},"3":{"line":51,"type":"cond-expr","locations":[{"start":{"line":52,"column":14},"end":{"line":52,"column":20}},{"start":{"line":53,"column":14},"end":{"line":53,"column":20}}]},"4":{"line":55,"type":"binary-expr","locations":[{"start":{"line":55,"column":16},"end":{"line":55,"column":44}},{"start":{"line":55,"column":49},"end":{"line":57,"column":43}}]},"5":{"line":55,"type":"cond-expr","locations":[{"start":{"line":56,"column":14},"end":{"line":56,"column":54}},{"start":{"line":57,"column":14},"end":{"line":57,"column":43}}]},"6":{"line":61,"type":"switch","locations":[{"start":{"line":68,"column":4},"end":{"line":150,"column":14},"skip":true},{"start":{"line":156,"column":4},"end":{"line":323,"column":14},"skip":true}]},"7":{"line":70,"type":"if","locations":[{"start":{"line":70,"column":12},"end":{"line":70,"column":12},"skip":true},{"start":{"line":70,"column":12},"end":{"line":70,"column":12},"skip":true}]},"8":{"line":70,"type":"binary-expr","locations":[{"start":{"line":70,"column":16},"end":{"line":70,"column":22},"skip":true},{"start":{"line":70,"column":27},"end":{"line":70,"column":32},"skip":true},{"start":{"line":71,"column":20},"end":{"line":71,"column":39},"skip":true},{"start":{"line":72,"column":20},"end":{"line":72,"column":49},"skip":true},{"start":{"line":73,"column":20},"end":{"line":73,"column":58},"skip":true},{"start":{"line":74,"column":20},"end":{"line":74,"column":69},"skip":true}]},"9":{"line":79,"type":"switch","locations":[{"start":{"line":80,"column":20},"end":{"line":80,"column":33},"skip":true},{"start":{"line":81,"column":20},"end":{"line":83,"column":30},"skip":true},{"start":{"line":84,"column":20},"end":{"line":85,"column":49},"skip":true}]},"10":{"line":89,"type":"switch","locations":[{"start":{"line":90,"column":12},"end":{"line":103,"column":22},"skip":true},{"start":{"line":105,"column":12},"end":{"line":106,"column":22},"skip":true}]},"11":{"line":89,"type":"binary-expr","locations":[{"start":{"line":89,"column":20},"end":{"line":89,"column":25},"skip":true},{"start":{"line":89,"column":29},"end":{"line":89,"column":48},"skip":true},{"start":{"line":89,"column":52},"end":{"line":89,"column":74},"skip":true}]},"12":{"line":92,"type":"if","locations":[{"start":{"line":92,"column":16},"end":{"line":92,"column":16},"skip":true},{"start":{"line":92,"column":16},"end":{"line":92,"column":16},"skip":true}]},"13":{"line":108,"type":"if","locations":[{"start":{"line":108,"column":12},"end":{"line":108,"column":12},"skip":true},{"start":{"line":108,"column":12},"end":{"line":108,"column":12},"skip":true}]},"14":{"line":108,"type":"binary-expr","locations":[{"start":{"line":108,"column":16},"end":{"line":108,"column":61},"skip":true},{"start":{"line":108,"column":66},"end":{"line":108,"column":72},"skip":true},{"start":{"line":108,"column":77},"end":{"line":108,"column":82},"skip":true},{"start":{"line":109,"column":20},"end":{"line":109,"column":39},"skip":true},{"start":{"line":110,"column":20},"end":{"line":110,"column":49},"skip":true},{"start":{"line":111,"column":20},"end":{"line":111,"column":58},"skip":true},{"start":{"line":112,"column":20},"end":{"line":112,"column":68},"skip":true}]},"15":{"line":129,"type":"if","locations":[{"start":{"line":129,"column":16},"end":{"line":129,"column":16},"skip":true},{"start":{"line":129,"column":16},"end":{"line":129,"column":16},"skip":true}]},"16":{"line":134,"type":"cond-expr","locations":[{"start":{"line":135,"column":26},"end":{"line":135,"column":29},"skip":true},{"start":{"line":136,"column":26},"end":{"line":136,"column":54},"skip":true}]},"17":{"line":164,"type":"binary-expr","locations":[{"start":{"line":164,"column":27},"end":{"line":164,"column":43},"skip":true},{"start":{"line":164,"column":47},"end":{"line":164,"column":49},"skip":true}]},"18":{"line":258,"type":"if","locations":[{"start":{"line":258,"column":8},"end":{"line":258,"column":8},"skip":true},{"start":{"line":258,"column":8},"end":{"line":258,"column":8},"skip":true}]},"19":{"line":275,"type":"switch","locations":[{"start":{"line":276,"column":20},"end":{"line":277,"column":64},"skip":true},{"start":{"line":278,"column":20},"end":{"line":279,"column":40},"skip":true},{"start":{"line":280,"column":20},"end":{"line":281,"column":40},"skip":true},{"start":{"line":282,"column":20},"end":{"line":283,"column":39},"skip":true}]},"20":{"line":288,"type":"if","locations":[{"start":{"line":288,"column":8},"end":{"line":288,"column":8},"skip":true},{"start":{"line":288,"column":8},"end":{"line":288,"column":8},"skip":true}]},"21":{"line":288,"type":"binary-expr","locations":[{"start":{"line":288,"column":12},"end":{"line":288,"column":40},"skip":true},{"start":{"line":288,"column":44},"end":{"line":288,"column":67},"skip":true}]},"22":{"line":292,"type":"binary-expr","locations":[{"start":{"line":292,"column":12},"end":{"line":292,"column":50},"skip":true},{"start":{"line":293,"column":12},"end":{"line":293,"column":53},"skip":true}]},"23":{"line":295,"type":"binary-expr","locations":[{"start":{"line":295,"column":12},"end":{"line":295,"column":68},"skip":true},{"start":{"line":296,"column":12},"end":{"line":301,"column":36},"skip":true}]},"24":{"line":302,"type":"binary-expr","locations":[{"start":{"line":302,"column":43},"end":{"line":302,"column":75},"skip":true},{"start":{"line":302,"column":79},"end":{"line":302,"column":81},"skip":true}]},"25":{"line":305,"type":"if","locations":[{"start":{"line":305,"column":8},"end":{"line":305,"column":8},"skip":true},{"start":{"line":305,"column":8},"end":{"line":305,"column":8},"skip":true}]},"26":{"line":309,"type":"if","locations":[{"start":{"line":309,"column":8},"end":{"line":309,"column":8},"skip":true},{"start":{"line":309,"column":8},"end":{"line":309,"column":8},"skip":true}]},"27":{"line":312,"type":"binary-expr","locations":[{"start":{"line":312,"column":27},"end":{"line":312,"column":43},"skip":true},{"start":{"line":312,"column":47},"end":{"line":312,"column":53},"skip":true}]},"28":{"line":316,"type":"if","locations":[{"start":{"line":316,"column":12},"end":{"line":316,"column":12},"skip":true},{"start":{"line":316,"column":12},"end":{"line":316,"column":12},"skip":true}]}},"code":["/*","example.js","","quickstart example","","instruction","    1. save this script as example.js","    2. run the shell command:","        $ npm install npmtest-dummy-json && PORT=8081 node example.js","    3. play with the browser-demo on http://127.0.0.1:8081","*/","","","","/* istanbul instrument in package npmtest_dummy_json */","/*jslint","    bitwise: true,","    browser: true,","    maxerr: 8,","    maxlen: 96,","    node: true,","    nomen: true,","    regexp: true,","    stupid: true","*/","(function () {","    'use strict';","    var local;","","","","    // run shared js-env code - pre-init","    (function () {","        // init local","        local = {};","        // init modeJs","        local.modeJs = (function () {","            try {","                return typeof navigator.userAgent === 'string' &&","                    typeof document.querySelector('body') === 'object' &&","                    typeof XMLHttpRequest.prototype.open === 'function' &&","                    'browser';","            } catch (errorCaughtBrowser) {","                return module.exports &&","                    typeof process.versions.node === 'string' &&","                    typeof require('http').createServer === 'function' &&","                    'node';","            }","        }());","        // init global","        local.global = local.modeJs === 'browser'","            ? window","            : global;","        // init utility2_rollup","        local = local.global.utility2_rollup || (local.modeJs === 'browser'","            ? local.global.utility2_npmtest_dummy_json","            : global.utility2_moduleExports);","        // export local","        local.global.local = local;","    }());","    switch (local.modeJs) {","","","","    // post-init","    // run browser js-env code - post-init","    /* istanbul ignore next */","    case 'browser':","        local.testRunBrowser = function (event) {","            if (!event || (event &&","                    event.currentTarget &&","                    event.currentTarget.className &&","                    event.currentTarget.className.includes &&","                    event.currentTarget.className.includes('onreset'))) {","                // reset output","                Array.from(","                    document.querySelectorAll('body > .resettable')","                ).forEach(function (element) {","                    switch (element.tagName) {","                    case 'INPUT':","                    case 'TEXTAREA':","                        element.value = '';","                        break;","                    default:","                        element.textContent = '';","                    }","                });","            }","            switch (event && event.currentTarget && event.currentTarget.id) {","            case 'testRunButton1':","                // show tests","                if (document.querySelector('#testReportDiv1').style.display === 'none') {","                    document.querySelector('#testReportDiv1').style.display = 'block';","                    document.querySelector('#testRunButton1').textContent =","                        'hide internal test';","                    local.modeTest = true;","                    local.testRunDefault(local);","                // hide tests","                } else {","                    document.querySelector('#testReportDiv1').style.display = 'none';","                    document.querySelector('#testRunButton1').textContent = 'run internal test';","                }","                break;","            // custom-case","            default:","                break;","            }","            if (document.querySelector('#inputTextareaEval1') && (!event || (event &&","                    event.currentTarget &&","                    event.currentTarget.className &&","                    event.currentTarget.className.includes &&","                    event.currentTarget.className.includes('oneval')))) {","                // try to eval input-code","                try {","                    /*jslint evil: true*/","                    eval(document.querySelector('#inputTextareaEval1').value);","                } catch (errorCaught) {","                    console.error(errorCaught);","                }","            }","        };","        // log stderr and stdout to #outputTextareaStdout1","        ['error', 'log'].forEach(function (key) {","            console[key + '_original'] = console[key];","            console[key] = function () {","                var element;","                console[key + '_original'].apply(console, arguments);","                element = document.querySelector('#outputTextareaStdout1');","                if (!element) {","                    return;","                }","                // append text to #outputTextareaStdout1","                element.value += Array.from(arguments).map(function (arg) {","                    return typeof arg === 'string'","                        ? arg","                        : JSON.stringify(arg, null, 4);","                }).join(' ') + '\\n';","                // scroll textarea to bottom","                element.scrollTop = element.scrollHeight;","            };","        });","        // init event-handling","        ['change', 'click', 'keyup'].forEach(function (event) {","            Array.from(document.querySelectorAll('.on' + event)).forEach(function (element) {","                element.addEventListener(event, local.testRunBrowser);","            });","        });","        // run tests","        local.testRunBrowser();","        break;","","","","    // run node js-env code - post-init","    /* istanbul ignore next */","    case 'node':","        // export local","        module.exports = local;","        // require modules","        local.fs = require('fs');","        local.http = require('http');","        local.url = require('url');","        // init assets","        local.assetsDict = local.assetsDict || {};","        /* jslint-ignore-begin */","        local.assetsDict['/assets.index.template.html'] = '\\","<!doctype html>\\n\\","<html lang=\"en\">\\n\\","<head>\\n\\","<meta charset=\"UTF-8\">\\n\\","<meta name=\"viewport\" content=\"width=device-width, initial-scale=1\">\\n\\","<title>{{env.npm_package_name}} (v{{env.npm_package_version}})</title>\\n\\","<style>\\n\\","/*csslint\\n\\","    box-sizing: false,\\n\\","    universal-selector: false\\n\\","*/\\n\\","* {\\n\\","    box-sizing: border-box;\\n\\","}\\n\\","body {\\n\\","    background: #dde;\\n\\","    font-family: Arial, Helvetica, sans-serif;\\n\\","    margin: 2rem;\\n\\","}\\n\\","body > * {\\n\\","    margin-bottom: 1rem;\\n\\","}\\n\\",".utility2FooterDiv {\\n\\","    margin-top: 20px;\\n\\","    text-align: center;\\n\\","}\\n\\","</style>\\n\\","<style>\\n\\","/*csslint\\n\\","*/\\n\\","textarea {\\n\\","    font-family: monospace;\\n\\","    height: 10rem;\\n\\","    width: 100%;\\n\\","}\\n\\","textarea[readonly] {\\n\\","    background: #ddd;\\n\\","}\\n\\","</style>\\n\\","</head>\\n\\","<body>\\n\\","<!-- utility2-comment\\n\\","<div id=\"ajaxProgressDiv1\" style=\"background: #d00; height: 2px; left: 0; margin: 0; padding: 0; position: fixed; top: 0; transition: background 0.5s, width 1.5s; width: 25%;\"></div>\\n\\","utility2-comment -->\\n\\","<h1>\\n\\","<!-- utility2-comment\\n\\","    <a\\n\\","        {{#if env.npm_package_homepage}}\\n\\","        href=\"{{env.npm_package_homepage}}\"\\n\\","        {{/if env.npm_package_homepage}}\\n\\","        target=\"_blank\"\\n\\","    >\\n\\","utility2-comment -->\\n\\","        {{env.npm_package_name}} (v{{env.npm_package_version}})\\n\\","<!-- utility2-comment\\n\\","    </a>\\n\\","utility2-comment -->\\n\\","</h1>\\n\\","<h3>{{env.npm_package_description}}</h3>\\n\\","<!-- utility2-comment\\n\\","<h4><a download href=\"assets.app.js\">download standalone app</a></h4>\\n\\","<button class=\"onclick onreset\" id=\"testRunButton1\">run internal test</button><br>\\n\\","<div id=\"testReportDiv1\" style=\"display: none;\"></div>\\n\\","utility2-comment -->\\n\\","\\n\\","\\n\\","\\n\\","<label>stderr and stdout</label>\\n\\","<textarea class=\"resettable\" id=\"outputTextareaStdout1\" readonly></textarea>\\n\\","<!-- utility2-comment\\n\\","{{#if isRollup}}\\n\\","<script src=\"assets.app.js\"></script>\\n\\","{{#unless isRollup}}\\n\\","utility2-comment -->\\n\\","<script src=\"assets.utility2.rollup.js\"></script>\\n\\","<script src=\"jsonp.utility2._stateInit?callback=window.utility2._stateInit\"></script>\\n\\","<script src=\"assets.npmtest_dummy_json.rollup.js\"></script>\\n\\","<script src=\"assets.example.js\"></script>\\n\\","<script src=\"assets.test.js\"></script>\\n\\","<!-- utility2-comment\\n\\","{{/if isRollup}}\\n\\","utility2-comment -->\\n\\","<div class=\"utility2FooterDiv\">\\n\\","    [ this app was created with\\n\\","    <a href=\"https://github.com/kaizhu256/node-utility2\" target=\"_blank\">utility2</a>\\n\\","    ]\\n\\","</div>\\n\\","</body>\\n\\","</html>\\n\\","';","        /* jslint-ignore-end */","        if (local.templateRender) {","            local.assetsDict['/'] = local.templateRender(","                local.assetsDict['/assets.index.template.html'],","                {","                    env: local.objectSetDefault(local.env, {","                        npm_package_description: 'the greatest app in the world!',","                        npm_package_name: 'my-app',","                        npm_package_nameAlias: 'my_app',","                        npm_package_version: '0.0.1'","                    })","                }","            );","        } else {","            local.assetsDict['/'] = local.assetsDict['/assets.index.template.html']","                .replace((/\\{\\{env\\.(\\w+?)\\}\\}/g), function (match0, match1) {","                    // jslint-hack","                    String(match0);","                    switch (match1) {","                    case 'npm_package_description':","                        return 'the greatest app in the world!';","                    case 'npm_package_name':","                        return 'my-app';","                    case 'npm_package_nameAlias':","                        return 'my_app';","                    case 'npm_package_version':","                        return '0.0.1';","                    }","                });","        }","        // run the cli","        if (local.global.utility2_rollup || module !== require.main) {","            break;","        }","        local.assetsDict['/assets.example.js'] =","            local.assetsDict['/assets.example.js'] ||","            local.fs.readFileSync(__filename, 'utf8');","        local.assetsDict['/assets.npmtest_dummy_json.rollup.js'] =","            local.assetsDict['/assets.npmtest_dummy_json.rollup.js'] ||","            local.fs.readFileSync(","                // buildCustomOrg-hack","                local.npmtest_dummy_json.__dirname +","                    '/lib.npmtest_dummy_json.js',","                'utf8'","            ).replace((/^#!/), '//');","        local.assetsDict['/favicon.ico'] = local.assetsDict['/favicon.ico'] || '';","        // if $npm_config_timeout_exit exists,","        // then exit this process after $npm_config_timeout_exit ms","        if (Number(process.env.npm_config_timeout_exit)) {","            setTimeout(process.exit, Number(process.env.npm_config_timeout_exit));","        }","        // start server","        if (local.global.utility2_serverHttp1) {","            break;","        }","        process.env.PORT = process.env.PORT || '8081';","        console.error('server starting on port ' + process.env.PORT);","        local.http.createServer(function (request, response) {","            request.urlParsed = local.url.parse(request.url);","            if (local.assetsDict[request.urlParsed.pathname] !== undefined) {","                response.end(local.assetsDict[request.urlParsed.pathname]);","                return;","            }","            response.statusCode = 404;","            response.end();","        }).listen(process.env.PORT);","        break;","    }","}());",""],"l":{"26":2,"28":2,"33":2,"35":2,"37":2,"38":2,"39":2,"44":1,"51":2,"55":2,"59":2,"61":2,"69":1,"70":2,"76":2,"79":2,"82":2,"83":2,"85":1,"89":2,"92":1,"93":1,"94":1,"96":1,"97":1,"100":1,"101":1,"103":1,"106":1,"108":2,"114":1,"116":1,"118":1,"123":1,"124":2,"125":2,"126":2,"127":2,"128":2,"129":2,"130":1,"133":2,"134":2,"139":2,"143":1,"144":3,"145":1,"149":1,"150":1,"158":1,"160":1,"161":1,"162":1,"164":1,"166":1,"258":1,"259":1,"271":1,"274":6,"275":6,"277":1,"279":2,"281":1,"283":2,"288":1,"289":1,"291":1,"294":1,"302":1,"305":1,"306":1,"309":1,"310":1,"312":1,"313":1,"314":1,"315":1,"316":1,"317":1,"318":1,"320":1,"321":1,"323":1}},"/home/travis/build/npmtest/node-npmtest-dummy-json/node_modules/dummy-json/index.js":{"path":"/home/travis/build/npmtest/node-npmtest-dummy-json/node_modules/dummy-json/index.js","s":{"1":1,"2":1,"3":1,"4":1,"5":1,"6":1,"7":1,"8":0,"9":0,"10":0,"11":0,"12":0,"13":0,"14":1},"b":{"1":[0,0],"2":[0,0]},"f":{"1":0},"fnMap":{"1":{"name":"(anonymous_1)","line":12,"loc":{"start":{"line":12,"column":9},"end":{"line":12,"column":36}}}},"statementMap":{"1":{"start":{"line":1,"column":0},"end":{"line":1,"column":39}},"2":{"start":{"line":2,"column":0},"end":{"line":2,"column":29}},"3":{"start":{"line":3,"column":0},"end":{"line":3,"column":31}},"4":{"start":{"line":4,"column":0},"end":{"line":4,"column":41}},"5":{"start":{"line":5,"column":0},"end":{"line":5,"column":39}},"6":{"start":{"line":6,"column":0},"end":{"line":6,"column":35}},"7":{"start":{"line":8,"column":0},"end":{"line":40,"column":2}},"8":{"start":{"line":13,"column":4},"end":{"line":13,"column":28}},"9":{"start":{"line":16,"column":4},"end":{"line":16,"column":79}},"10":{"start":{"line":17,"column":4},"end":{"line":17,"column":76}},"11":{"start":{"line":20,"column":4},"end":{"line":20,"column":56}},"12":{"start":{"line":24,"column":4},"end":{"line":24,"column":34}},"13":{"start":{"line":26,"column":4},"end":{"line":29,"column":7}},"14":{"start":{"line":42,"column":0},"end":{"line":42,"column":27}}},"branchMap":{"1":{"line":13,"type":"binary-expr","locations":[{"start":{"line":13,"column":14},"end":{"line":13,"column":21}},{"start":{"line":13,"column":25},"end":{"line":13,"column":27}}]},"2":{"line":20,"type":"binary-expr","locations":[{"start":{"line":20,"column":24},"end":{"line":20,"column":36}},{"start":{"line":20,"column":40},"end":{"line":20,"column":54}}]}},"code":["var Handlebars = require('handlebars');","var fecha = require('fecha');","var numbro = require('numbro');","var mockdata = require('./lib/mockdata');","var helpers = require('./lib/helpers');","var utils = require('./lib/utils');","","var dummyjson = {","  // Global seed for the random number generator","  seed: null,","","  parse: function (string, options) {","    options = options || {};","","    // Merge custom mockdata/helpers into the defaults, items with the same name will override","    options.mockdata = Handlebars.Utils.extend({}, mockdata, options.mockdata);","    options.helpers = Handlebars.Utils.extend({}, helpers, options.helpers);","","    // If a seed is passed in the options it will override the default one","    utils.setRandomSeed(options.seed || dummyjson.seed);","","    // Certain helpers, such as name and email, attempt to synchronise and use the same values when","    // called after one-another. This object acts as a cache so the helpers can share their values.","    options.mockdata.__cache = {};","","    return Handlebars.compile(string)(options.mockdata, {","      helpers: options.helpers,","      partials: options.partials","    });","  },","","  // Expose the built-in modules so people can use them in their own helpers","  mockdata: mockdata,","  helpers: helpers,","  utils: utils,","","  // Also expose the number and date formatters so people can modify their settings","  fecha: fecha,","  numbro: numbro","};","","module.exports = dummyjson;",""],"l":{"1":1,"2":1,"3":1,"4":1,"5":1,"6":1,"8":1,"13":0,"16":0,"17":0,"20":0,"24":0,"26":0,"42":1}},"/home/travis/build/npmtest/node-npmtest-dummy-json/node_modules/dummy-json/lib/mockdata.js":{"path":"/home/travis/build/npmtest/node-npmtest-dummy-json/node_modules/dummy-json/lib/mockdata.js","s":{"1":1,"2":1,"3":1,"4":1,"5":1,"6":1,"7":1,"8":1,"9":1,"10":1,"11":1,"12":1},"b":{},"f":{},"fnMap":{},"statementMap":{"1":{"start":{"line":1,"column":0},"end":{"line":3,"column":2}},"2":{"start":{"line":5,"column":0},"end":{"line":17,"column":2}},"3":{"start":{"line":19,"column":0},"end":{"line":31,"column":2}},"4":{"start":{"line":33,"column":0},"end":{"line":47,"column":2}},"5":{"start":{"line":49,"column":0},"end":{"line":51,"column":2}},"6":{"start":{"line":53,"column":0},"end":{"line":74,"column":2}},"7":{"start":{"line":76,"column":0},"end":{"line":90,"column":2}},"8":{"start":{"line":92,"column":0},"end":{"line":136,"column":2}},"9":{"start":{"line":138,"column":0},"end":{"line":155,"column":2}},"10":{"start":{"line":157,"column":0},"end":{"line":178,"column":2}},"11":{"start":{"line":180,"column":0},"end":{"line":195,"column":2}},"12":{"start":{"line":197,"column":0},"end":{"line":209,"column":2}}},"branchMap":{},"code":["var titles = [","  'Mr', 'Mrs', 'Dr', 'Prof', 'Lord', 'Lady', 'Sir', 'Madam'","];","","var firstNames = [","  'Leanne', 'Edward', 'Haydee', 'Lyle', 'Shea', 'Curtis', 'Roselyn', 'Marcus', 'Lyn', 'Lloyd',","  'Isabelle', 'Francis', 'Olivia', 'Roman', 'Myong', 'Jamie', 'Alexis', 'Vernon', 'Chloe', 'Max',","  'Kirstie', 'Tyler', 'Katelin', 'Alejandro', 'Hannah', 'Gavin', 'Lynetta', 'Russell', 'Neida',","  'Kurt', 'Dannielle', 'Aiden', 'Janett', 'Vaughn', 'Michelle', 'Brian', 'Maisha', 'Theo', 'Emma',","  'Cedric', 'Jocelyn', 'Darrell', 'Grace', 'Ivan', 'Rikki', 'Erik', 'Madeleine', 'Rufus',","  'Florance', 'Raymond', 'Jenette', 'Danny', 'Kathy', 'Michael', 'Layla', 'Rolf', 'Selma', 'Anton',","  'Rosie', 'Craig', 'Victoria', 'Andy', 'Lorelei', 'Drew', 'Yuri', 'Miles', 'Raisa', 'Rico',","  'Rosanne', 'Cory', 'Dori', 'Travis', 'Joslyn', 'Austin', 'Haley', 'Ian', 'Liza', 'Rickey',","  'Susana', 'Stephen', 'Richelle', 'Lance', 'Jetta', 'Heath', 'Juliana', 'Rene', 'Madelyn', 'Stan',","  'Eleanore', 'Jason', 'Alexa', 'Adam', 'Jenna', 'Warren', 'Cecilia', 'Benito', 'Elaine', 'Mitch',","  'Raylene', 'Cyrus'","];","","var lastNames = [","  'Flinn', 'Bryd', 'Milligan', 'Keesee', 'Mercer', 'Chapman', 'Zobel', 'Carter', 'Pettey',","  'Starck', 'Raymond', 'Pullman', 'Drolet', 'Higgins', 'Matzen', 'Tindel', 'Winter', 'Charley',","  'Schaefer', 'Hancock', 'Dampier', 'Garling', 'Verde', 'Lenihan', 'Rhymer', 'Pleiman', 'Dunham',","  'Seabury', 'Goudy', 'Latshaw', 'Whitson', 'Cumbie', 'Webster', 'Bourquin', 'Young', 'Rikard',","  'Brier', 'Luck', 'Porras', 'Gilmore', 'Turner', 'Sprowl', 'Rohloff', 'Magby', 'Wallis', 'Mullens',","  'Correa', 'Murphy', 'Connor', 'Gamble', 'Castleman', 'Pace', 'Durrett', 'Bourne', 'Hottle',","  'Oldman', 'Paquette', 'Stine', 'Muldoon', 'Smit', 'Finn', 'Kilmer', 'Sager', 'White', 'Friedrich',","  'Fennell', 'Miers', 'Carroll', 'Freeman', 'Hollis', 'Neal', 'Remus', 'Pickering', 'Woodrum',","  'Bradbury', 'Caffey', 'Tuck', 'Jensen', 'Shelly', 'Hyder', 'Krumm', 'Hundt', 'Seal', 'Pendergast',","  'Kelsey', 'Milling', 'Karst', 'Helland', 'Risley', 'Grieve', 'Paschall', 'Coolidge', 'Furlough',","  'Brandt', 'Cadena', 'Rebelo', 'Leath', 'Backer', 'Bickers', 'Cappel'","];","","var companies = [","  'Unilogic', 'Solexis', 'Dalserve', 'Terrasys', 'Pancast', 'Tomiatech', 'Kancom', 'Iridimax',","  'Proline', 'Qualcore', 'Thermatek', 'VTGrafix', 'Sunopia', 'WestGate', 'Chromaton', 'Tecomix',","  'Galcom', 'Zatheon', 'OmniTouch', 'Hivemind', 'MultiServ', 'Citisys', 'Polygan', 'Dynaroc',","  'Storex', 'Britech', 'Thermolock', 'Cryptonica', 'LoopSys', 'ForeTrust', 'TrueXT', 'LexiconLabs',","  'Bellgate', 'Dynalab', 'Logico', 'Terralabs', 'CoreMax', 'Polycore', 'Infracom', 'Coolinga',","  'MultiLingua', 'Conixco', 'QuadNet', 'FortyFour', 'TurboSystems', 'Optiplex', 'Nitrocam',","  'CoreXTS', 'PeerSys', 'FastMart', 'Westercom', 'Templatek', 'Cirpria', 'FastFreight', 'Baramax',","  'Superwire', 'Celmax', 'Connic', 'Forecore', 'SmartSystems', 'Ulogica', 'Seelogic', 'DynaAir',","  'OpenServ', 'Maxcast', 'SixtySix', 'Protheon', 'SkyCenta', 'Eluxa', 'GrafixMedia', 'VenStrategy',","  'Keycast', 'Opticast', 'Cameratek', 'CorpTek', 'Sealine', 'Playtech', 'Anaplex', 'Hypervision',","  'Xenosys', 'Hassifix', 'Infratouch', 'Airconix', 'StrategyLine', 'Helixicon', 'MediaDime',","  'NitroSystems', 'Viewtopia', 'Cryosoft', 'DuoServe', 'Acousticom', 'Freecast', 'CoreRobotics',","  'Quadtek', 'Haltheon', 'TrioSys', 'Amsquare', 'Sophis', 'Keysoft', 'Creatonix'","];","","var tlds = [","  'com', 'org', 'net', 'info', 'edu', 'gov', 'co', 'biz', 'name', 'me', 'mobi', 'club', 'xyz', 'eu'","];","","var streets = [","  'Warner Street', 'Ceder Avenue', 'Glendale Road', 'Chester Square', 'Beechmont Parkway',","  'Carter Street', 'Hinton Road', 'Pitman Street', 'Winston Road', 'Cottontail Road',","  'Buckley Street', 'Concord Avenue', 'Clemont Street', 'Sleepy Lane', 'Bushey Crescent',","  'Randolph Street', 'Radcliffe Road', 'Canal Street', 'Ridgewood Drive', 'Highland Drive',","  'Orchard Road', 'Foster Walk', 'Walford Way', 'Harrington Crescent', 'Emmet Road',","  'Berkeley Street', 'Clarendon Street', 'Sherman Road', 'Mount Street', 'Hunter Street',","  'Pearl Street', 'Barret Street', 'Taylor Street', 'Shaftsbury Avenue', 'Paxton Street',","  'Park Avenue', 'Seaside Drive', 'Tavistock Place', 'Prospect Place', 'Harvard Avenue',","  'Elton Way', 'Green Street', 'Appleton Street', 'Banner Street', 'Piermont Drive', 'Brook Street',","  'Main Street', 'Fairmont Avenue', 'Arlington Road', 'Rutherford Street', 'Windsor Avenue',","  'Maple Street', 'Wandle Street', 'Grosvenor Square', 'Hunt Street', 'Haredale Road',","  'Glenn Drive', 'Mulholland Drive', 'Baker Street', 'Fuller Road', 'Coleman Avenue', 'Wall Street',","  'Robinson Street', 'Blakeley Street', 'Alexander Avenue', 'Gartland Street', 'Wooster Road',","  'Brentwood Drive', 'Colwood Place', 'Rivington Street', 'Bramble Lane', 'Hartswood Road',","  'Albion Place', 'Waverton Street', 'Sawmill Lane', 'Templeton Parkway', 'Hill Street',","  'Marsham Street', 'Stockton Lane', 'Lake Drive', 'Elm Street', 'Winchester Drive',","  'Crockett Street', 'High Street', 'Longford Crescent', 'Moreland Street', 'Sterling Street',","  'Golden Lane', 'Mercer Street', 'Dunstable Street', 'Chestnut Walk', 'Rutland Drive',","  'Buckfield Lane', 'Pembrooke Street', 'Tower Lane', 'Willow Avenue', 'Faraday Street',","  'Springfield Street', 'Crawford Street', 'Hudson Street'","];","","var cities = [","  'Beaverton', 'Stanford', 'Baltimore', 'Newcastle', 'Halifax', 'Rockhampton', 'Coventry',","  'Medford', 'Boulder', 'Dover', 'Waterbury', 'Christchurch', 'Manchester', 'Perth', 'Norwich',","  'Redmond', 'Plymouth', 'Tacoma', 'Newport', 'Bradford', 'Aspen', 'Wellington', 'Oakland',","  'Norfolk', 'Durham', 'Portsmouth', 'Detroit', 'Portland', 'Northampton', 'Dayton', 'Charleston',","  'Irvine', 'Dallas', 'Albany', 'Petersburg', 'Melbourne', 'Southampton', 'Stafford', 'Bridgeport',","  'Fairfield', 'Dundee', 'Spokane', 'Oakleigh', 'Bristol', 'Sacramento', 'Sheffield', 'Lewisburg',","  'Miami', 'Brisbane', 'Denver', 'Kingston', 'Burwood', 'Rochester', 'Fresno', 'Cardiff',","  'Auckland', 'Sudbury', 'Hastings', 'Reno', 'Hillboro', 'Palmerston', 'Oxford', 'Hobart',","  'Atlanta', 'Wilmington', 'Vancouver', 'Youngstown', 'Hartford', 'London', 'Danbury', 'Birmingham',","  'Columbia', 'Dublin', 'Chicago', 'Toronto', 'Orlando', 'Toledo', 'Pheonix', 'Bakersfield',","  'Nottingham', 'Newark', 'Fargo', 'Walkerville', 'Exeter', 'Woodville', 'Greenville', 'Frankston',","  'Bangor', 'Seattle', 'Canterbury', 'Colchester', 'Boston', 'York', 'Cambridge', 'Brighton',","  'Lancaster', 'Adelaide', 'Cleveland', 'Telford', 'Richmond'","];","","var countries = [","  'Andorra', 'United Arab Emirates', 'Afghanistan', 'Antigua and Barbuda', 'Anguilla', 'Albania',","  'Armenia', 'Angola', 'Antarctica', 'Argentina', 'American Samoa', 'Austria', 'Australia', 'Aruba',","  'Åland Islands', 'Azerbaijan', 'Bosnia and Herzegovina', 'Barbados', 'Bangladesh', 'Belgium',","  'Burkina Faso', 'Bulgaria', 'Bahrain', 'Burundi', 'Benin', 'Saint Barthélemy', 'Bermuda',","  'Brunei Darussalam', 'Bolivia, Plurinational State of', 'Bonaire, Sint Eustatius and Saba',","  'Brazil', 'Bahamas', 'Bhutan', 'Bouvet Island', 'Botswana', 'Belarus', 'Belize', 'Canada',","  'Cocos (Keeling) Islands', 'Congo, the Democratic Republic of the', 'Central African Republic',","  'Congo', 'Switzerland', 'Côte d\\'Ivoire', 'Cook Islands', 'Chile', 'Cameroon', 'China',","  'Colombia', 'Costa Rica', 'Cuba', 'Cabo Verde', 'Curaçao', 'Christmas Island', 'Cyprus',","  'Czech Republic', 'Germany', 'Djibouti', 'Denmark', 'Dominica', 'Dominican Republic', 'Algeria',","  'Ecuador', 'Estonia', 'Egypt', 'Western Sahara', 'Eritrea', 'Spain', 'Ethiopia', 'Finland',","  'Fiji', 'Falkland Islands (Malvinas)', 'Micronesia, Federated States of', 'Faroe Islands',","  'France', 'Gabon', 'United Kingdom of Great Britain and Northern Ireland', 'Grenada', 'Georgia',","  'French Guiana', 'Guernsey', 'Ghana', 'Gibraltar', 'Greenland', 'Gambia', 'Guinea', 'Guadeloupe',","  'Equatorial Guinea', 'Greece', 'South Georgia and the South Sandwich Islands', 'Guatemala',","  'Guam', 'Guinea-Bissau', 'Guyana', 'Hong Kong', 'Heard Island and McDonald Islands', 'Honduras',","  'Croatia', 'Haiti', 'Hungary', 'Indonesia', 'Ireland', 'Israel', 'Isle of Man', 'India',","  'British Indian Ocean Territory', 'Iraq', 'Iran, Islamic Republic of', 'Iceland', 'Italy',","  'Jersey', 'Jamaica', 'Jordan', 'Japan', 'Kenya', 'Kyrgyzstan', 'Cambodia', 'Kiribati', 'Comoros',","  'Saint Kitts and Nevis', 'Korea, Democratic People\\'s Republic of', 'Korea, Republic of',","  'Kuwait', 'Cayman Islands', 'Kazakhstan', 'Lao People\\'s Democratic Republic', 'Lebanon',","  'Saint Lucia', 'Liechtenstein', 'Sri Lanka', 'Liberia', 'Lesotho', 'Lithuania', 'Luxembourg',","  'Latvia', 'Libya', 'Morocco', 'Monaco', 'Moldova, Republic of', 'Montenegro',","  'Saint Martin (French part)', 'Madagascar', 'Marshall Islands',","  'Macedonia, the former Yugoslav Republic of', 'Mali', 'Myanmar', 'Mongolia', 'Macao',","  'Northern Mariana Islands', 'Martinique', 'Mauritania', 'Montserrat', 'Malta', 'Mauritius',","  'Maldives', 'Malawi', 'Mexico', 'Malaysia', 'Mozambique', 'Namibia', 'New Caledonia', 'Niger',","  'Norfolk Island', 'Nigeria', 'Nicaragua', 'Netherlands', 'Norway', 'Nepal', 'Nauru', 'Niue',","  'New Zealand', 'Oman', 'Panama', 'Peru', 'French Polynesia', 'Papua New Guinea', 'Philippines',","  'Pakistan', 'Poland', 'Saint Pierre and Miquelon', 'Pitcairn', 'Puerto Rico',","  'Palestine, State of', 'Portugal', 'Palau', 'Paraguay', 'Qatar', 'Réunion', 'Romania', 'Serbia',","  'Russian Federation', 'Rwanda', 'Saudi Arabia', 'Solomon Islands', 'Seychelles', 'Sudan',","  'Sweden', 'Singapore', 'Saint Helena, Ascension and Tristan da Cunha', 'Slovenia',","  'Svalbard and Jan Mayen', 'Slovakia', 'Sierra Leone', 'San Marino', 'Senegal', 'Somalia',","  'Suriname', 'South Sudan', 'Sao Tome and Principe', 'El Salvador', 'Sint Maarten (Dutch part)',","  'Syrian Arab Republic', 'Swaziland', 'Turks and Caicos Islands', 'Chad',","  'French Southern Territories', 'Togo', 'Thailand', 'Tajikistan', 'Tokelau', 'Timor-Leste',","  'Turkmenistan', 'Tunisia', 'Tonga', 'Turkey', 'Trinidad and Tobago', 'Tuvalu',","  'Taiwan, Province of China', 'Tanzania, United Republic of', 'Ukraine', 'Uganda',","  'United States Minor Outlying Islands', 'United States of America', 'Uruguay', 'Uzbekistan',","  'Holy See', 'Saint Vincent and the Grenadines', 'Venezuela, Bolivarian Republic of',","  'Virgin Islands, British', 'Virgin Islands, U.S.', 'Viet Nam', 'Vanuatu', 'Wallis and Futuna',","  'Samoa', 'Yemen', 'Mayotte', 'South Africa', 'Zambia', 'Zimbabwe'","];","","var countryCodes = [","  'AD', 'AE', 'AF', 'AG', 'AI', 'AL', 'AM', 'AO', 'AQ', 'AR', 'AS', 'AT', 'AU', 'AW', 'AX', 'AZ',","  'BA', 'BB', 'BD', 'BE', 'BF', 'BG', 'BH', 'BI', 'BJ', 'BL', 'BM', 'BN', 'BO', 'BQ', 'BR', 'BS',","  'BT', 'BV', 'BW', 'BY', 'BZ', 'CA', 'CC', 'CD', 'CF', 'CG', 'CH', 'CI', 'CK', 'CL', 'CM', 'CN',","  'CO', 'CR', 'CU', 'CV', 'CW', 'CX', 'CY', 'CZ', 'DE', 'DJ', 'DK', 'DM', 'DO', 'DZ', 'EC', 'EE',","  'EG', 'EH', 'ER', 'ES', 'ET', 'FI', 'FJ', 'FK', 'FM', 'FO', 'FR', 'GA', 'GB', 'GD', 'GE', 'GF',","  'GG', 'GH', 'GI', 'GL', 'GM', 'GN', 'GP', 'GQ', 'GR', 'GS', 'GT', 'GU', 'GW', 'GY', 'HK', 'HM',","  'HN', 'HR', 'HT', 'HU', 'ID', 'IE', 'IL', 'IM', 'IN', 'IO', 'IQ', 'IR', 'IS', 'IT', 'JE', 'JM',","  'JO', 'JP', 'KE', 'KG', 'KH', 'KI', 'KM', 'KN', 'KP', 'KR', 'KW', 'KY', 'KZ', 'LA', 'LB', 'LC',","  'LI', 'LK', 'LR', 'LS', 'LT', 'LU', 'LV', 'LY', 'MA', 'MC', 'MD', 'ME', 'MF', 'MG', 'MH', 'MK',","  'ML', 'MM', 'MN', 'MO', 'MP', 'MQ', 'MR', 'MS', 'MT', 'MU', 'MV', 'MW', 'MX', 'MY', 'MZ', 'NA',","  'NC', 'NE', 'NF', 'NG', 'NI', 'NL', 'NO', 'NP', 'NR', 'NU', 'NZ', 'OM', 'PA', 'PE', 'PF', 'PG',","  'PH', 'PK', 'PL', 'PM', 'PN', 'PR', 'PS', 'PT', 'PW', 'PY', 'QA', 'RE', 'RO', 'RS', 'RU', 'RW',","  'SA', 'SB', 'SC', 'SD', 'SE', 'SG', 'SH', 'SI', 'SJ', 'SK', 'SL', 'SM', 'SN', 'SO', 'SR', 'SS',","  'ST', 'SV', 'SX', 'SY', 'SZ', 'TC', 'TD', 'TF', 'TG', 'TH', 'TJ', 'TK', 'TL', 'TM', 'TN', 'TO',","  'TR', 'TT', 'TV', 'TW', 'TZ', 'UA', 'UG', 'UM', 'US', 'UY', 'UZ', 'VA', 'VC', 'VE', 'VG', 'VI',","  'VN', 'VU', 'WF', 'WS', 'YE', 'YT', 'ZA', 'ZM', 'ZW'","];","","var colors = [","  'aliceblue', 'antiquewhite', 'aqua', 'aquamarine', 'azure', 'beige', 'bisque', 'black',","  'blanchedalmond', 'blue', 'blueviolet', 'brown', 'burlywood', 'cadetblue', 'chartreuse',","  'chocolate', 'coral', 'cornflowerblue', 'cornsilk', 'crimson', 'cyan', 'darkblue', 'darkcyan',","  'darkgoldenrod', 'darkgray', 'darkgreen', 'darkkhaki', 'darkmagenta', 'darkolivegreen',","  'darkorange', 'darkorchid', 'darkred', 'darksalmon', 'darkseagreen', 'darkslateblue',","  'darkslategray', 'darkturquoise', 'darkviolet', 'deeppink', 'deepskyblue', 'dimgray',","  'dodgerblue', 'firebrick', 'floralwhite', 'forestgreen', 'fuchsia', 'gainsboro', 'ghostwhite',","  'gold', 'goldenrod', 'gray', 'green', 'greenyellow', 'honeydew', 'hotpink', 'indianred', 'indigo',","  'ivory', 'khaki', 'lavender', 'lavenderblush', 'lawngreen', 'lemonchiffon', 'lightblue',","  'lightcoral', 'lightcyan', 'lightgoldenrodyellow', 'lightgray', 'lightgreen', 'lightpink',","  'lightsalmon', 'lightseagreen', 'lightskyblue', 'lightslategray', 'lightsteelblue', 'lightyellow',","  'lime', 'limegreen', 'linen', 'magenta', 'maroon', 'mediumaquamarine', 'mediumblue',","  'mediumorchid', 'mediumpurple', 'mediumseagreen', 'mediumslateblue', 'mediumspringgreen',","  'mediumturquoise', 'mediumvioletred', 'midnightblue', 'mintcream', 'mistyrose', 'moccasin',","  'navajowhite', 'navy', 'oldlace', 'olive', 'olivedrab', 'orange', 'orangered', 'orchid',","  'palegoldenrod', 'palegreen', 'paleturquoise', 'palevioletred', 'papayawhip', 'peachpuff', 'peru',","  'pink', 'plum', 'powderblue', 'purple', 'rebeccapurple', 'red', 'rosybrown', 'royalblue',","  'saddlebrown', 'salmon', 'sandybrown', 'seagreen', 'seashell', 'sienna', 'silver', 'skyblue',","  'slateblue', 'slategray', 'snow', 'springgreen', 'steelblue', 'tan', 'teal', 'thistle', 'tomato',","  'turquoise', 'violet', 'wheat', 'white', 'whitesmoke', 'yellow', 'yellowgreen'","];","","var lorem = [","  'lorem', 'ipsum', 'dolor', 'sit', 'amet', 'consectetur', 'adipiscing', 'elit', 'morbi',","  'vulputate', 'eros', 'ut', 'mi', 'laoreet', 'viverra', 'nunc', 'lacinia', 'non', 'condimentum',","  'aenean', 'lacus', 'nisl', 'auctor', 'at', 'tortor', 'ac', 'fringilla', 'sodales', 'pretium',","  'quis', 'iaculis', 'in', 'aliquam', 'ultrices', 'felis', 'accumsan', 'ornare', 'etiam',","  'elementum', 'aliquet', 'finibus', 'maecenas', 'dignissim', 'vel', 'blandit', 'placerat', 'sed',","  'tempor', 'ex', 'faucibus', 'velit', 'nam', 'erat', 'augue', 'quisque', 'nulla', 'maximus',","  'vitae', 'e', 'lobortis', 'euismod', 'tristique', 'metus', 'vehicula', 'purus', 'diam', 'mollis',","  'neque', 'eu', 'porttitor', 'mauris', 'a', 'risus', 'orci', 'tincidunt', 'scelerisque',","  'vestibulum', 'dui', 'ante', 'posuere', 'turpis', 'enim', 'cras', 'massa', 'cursus', 'suscipit',","  'tempus', 'facilisis', 'ultricies', 'i', 'eget', 'imperdiet', 'donec', 'arcu', 'ligula',","  'sagittis', 'hendrerit', 'justo', 'pellentesque', 'mattis', 'lacinia', 'leo', 'est', 'magna',","  'nibh', 'sem', 'natoque', 'consequat', 'proin', 'eti', 'commodo', 'rhoncus', 'dictum', 'id',","  'pharetra', 'sapien', 'gravida', 'sollicitudin', 'curabitur', 'au', 'nisi', 'bibendum', 'lectus',","  'et', 'pulvinar'","];","","module.exports = {","  titles: titles,","  firstNames: firstNames,","  lastNames: lastNames,","  companies: companies,","  tlds: tlds,","  streets: streets,","  cities: cities,","  countries: countries,","  countryCodes: countryCodes,","  colors: colors,","  lorem: lorem","};",""],"l":{"1":1,"5":1,"19":1,"33":1,"49":1,"53":1,"76":1,"92":1,"138":1,"157":1,"180":1,"197":1}},"/home/travis/build/npmtest/node-npmtest-dummy-json/node_modules/dummy-json/lib/helpers.js":{"path":"/home/travis/build/npmtest/node-npmtest-dummy-json/node_modules/dummy-json/lib/helpers.js","s":{"1":1,"2":1,"3":1,"4":1,"5":1,"6":1,"7":0,"8":0,"9":0,"10":0,"11":0,"12":0,"13":0,"14":0,"15":0,"16":0,"17":0,"18":0,"19":0,"20":1,"21":0,"22":0,"23":0,"24":0,"25":0,"26":0,"27":0,"28":0,"29":0,"30":0,"31":0,"32":0,"33":0,"34":0,"35":0,"36":0,"37":0,"38":0,"39":1,"40":0,"41":0,"42":0,"43":0,"44":0,"45":0,"46":1,"47":0,"48":0,"49":0,"50":0,"51":0,"52":0,"53":1,"54":0,"55":0,"56":0,"57":0,"58":0,"59":0,"60":1,"61":0,"62":0,"63":0,"64":0,"65":0,"66":0,"67":1,"68":0,"69":0,"70":0,"71":0,"72":0,"73":0,"74":0,"75":0,"76":0,"77":0,"78":0,"79":0,"80":0,"81":0,"82":0,"83":0,"84":0,"85":0,"86":0,"87":0,"88":0,"89":0,"90":0,"91":0,"92":0,"93":0,"94":0,"95":0,"96":0,"97":0,"98":0,"99":0,"100":0,"101":0,"102":0,"103":0,"104":0,"105":0,"106":0,"107":0,"108":0,"109":0,"110":0,"111":0,"112":0,"113":0,"114":0,"115":0,"116":0,"117":0,"118":0,"119":0,"120":0,"121":0,"122":0,"123":0,"124":0,"125":0,"126":0,"127":0,"128":0,"129":0,"130":0,"131":0,"132":0,"133":0,"134":0,"135":0,"136":0,"137":0,"138":0,"139":0,"140":0,"141":0,"142":0,"143":0,"144":0,"145":0,"146":0,"147":0,"148":0,"149":0,"150":0,"151":0,"152":0,"153":0,"154":0,"155":0,"156":0,"157":0,"158":0,"159":0,"160":0,"161":0,"162":0,"163":0,"164":0,"165":0,"166":0,"167":0,"168":0,"169":0,"170":0,"171":0,"172":0,"173":0,"174":0,"175":0,"176":0,"177":0,"178":0,"179":0,"180":0,"181":0,"182":0,"183":0,"184":0,"185":0,"186":0,"187":0,"188":0,"189":0,"190":0,"191":0,"192":0,"193":0,"194":0,"195":0,"196":0,"197":0,"198":0,"199":0,"200":0,"201":0,"202":0,"203":0,"204":0,"205":0,"206":0,"207":0,"208":0,"209":0,"210":0,"211":0,"212":0,"213":0,"214":0,"215":0,"216":0,"217":1},"b":{"1":[0,0],"2":[0,0],"3":[0,0],"4":[0,0],"5":[0,0],"6":[0,0],"7":[0,0],"8":[0,0],"9":[0,0],"10":[0,0],"11":[0,0],"12":[0,0],"13":[0,0],"14":[0,0],"15":[0,0],"16":[0,0],"17":[0,0],"18":[0,0],"19":[0,0],"20":[0,0],"21":[0,0],"22":[0,0],"23":[0,0],"24":[0,0],"25":[0,0],"26":[0,0],"27":[0,0],"28":[0,0],"29":[0,0],"30":[0,0],"31":[0,0],"32":[0,0],"33":[0,0],"34":[0,0],"35":[0,0],"36":[0,0],"37":[0,0],"38":[0,0],"39":[0,0],"40":[0,0],"41":[0,0],"42":[0,0],"43":[0,0],"44":[0,0],"45":[0,0],"46":[0,0],"47":[0,0],"48":[0,0],"49":[0,0,0],"50":[0,0]},"f":{"1":0,"2":0,"3":0,"4":0,"5":0,"6":0,"7":0,"8":0,"9":0,"10":0,"11":0,"12":0,"13":0,"14":0,"15":0,"16":0,"17":0,"18":0,"19":0,"20":0,"21":0,"22":0,"23":0,"24":0,"25":0,"26":0,"27":0,"28":0,"29":0,"30":0,"31":0,"32":0,"33":0,"34":0,"35":0,"36":0,"37":0,"38":0},"fnMap":{"1":{"name":"getNumber","line":8,"loc":{"start":{"line":8,"column":0},"end":{"line":8,"column":53}}},"2":{"name":"getDate","line":35,"loc":{"start":{"line":35,"column":0},"end":{"line":35,"column":51}}},"3":{"name":"getFirstName","line":67,"loc":{"start":{"line":67,"column":0},"end":{"line":67,"column":32}}},"4":{"name":"getLastName","line":78,"loc":{"start":{"line":78,"column":0},"end":{"line":78,"column":31}}},"5":{"name":"getCompany","line":89,"loc":{"start":{"line":89,"column":0},"end":{"line":89,"column":30}}},"6":{"name":"getTld","line":100,"loc":{"start":{"line":100,"column":0},"end":{"line":100,"column":26}}},"7":{"name":"(anonymous_7)","line":112,"loc":{"start":{"line":112,"column":10},"end":{"line":112,"column":39}}},"8":{"name":"(anonymous_8)","line":161,"loc":{"start":{"line":161,"column":7},"end":{"line":161,"column":44}}},"9":{"name":"(anonymous_9)","line":168,"loc":{"start":{"line":168,"column":9},"end":{"line":168,"column":46}}},"10":{"name":"(anonymous_10)","line":175,"loc":{"start":{"line":175,"column":11},"end":{"line":175,"column":23}}},"11":{"name":"(anonymous_11)","line":179,"loc":{"start":{"line":179,"column":8},"end":{"line":179,"column":45}}},"12":{"name":"(anonymous_12)","line":186,"loc":{"start":{"line":186,"column":8},"end":{"line":186,"column":45}}},"13":{"name":"(anonymous_13)","line":193,"loc":{"start":{"line":193,"column":9},"end":{"line":193,"column":28}}},"14":{"name":"(anonymous_14)","line":197,"loc":{"start":{"line":197,"column":13},"end":{"line":197,"column":32}}},"15":{"name":"(anonymous_15)","line":207,"loc":{"start":{"line":207,"column":12},"end":{"line":207,"column":31}}},"16":{"name":"(anonymous_16)","line":217,"loc":{"start":{"line":217,"column":12},"end":{"line":217,"column":31}}},"17":{"name":"(anonymous_17)","line":230,"loc":{"start":{"line":230,"column":11},"end":{"line":230,"column":30}}},"18":{"name":"(anonymous_18)","line":240,"loc":{"start":{"line":240,"column":7},"end":{"line":240,"column":26}}},"19":{"name":"(anonymous_19)","line":250,"loc":{"start":{"line":250,"column":10},"end":{"line":250,"column":29}}},"20":{"name":"(anonymous_20)","line":263,"loc":{"start":{"line":263,"column":9},"end":{"line":263,"column":28}}},"21":{"name":"(anonymous_21)","line":281,"loc":{"start":{"line":281,"column":10},"end":{"line":281,"column":29}}},"22":{"name":"(anonymous_22)","line":285,"loc":{"start":{"line":285,"column":8},"end":{"line":285,"column":27}}},"23":{"name":"(anonymous_23)","line":289,"loc":{"start":{"line":289,"column":11},"end":{"line":289,"column":30}}},"24":{"name":"(anonymous_24)","line":308,"loc":{"start":{"line":308,"column":15},"end":{"line":308,"column":34}}},"25":{"name":"(anonymous_25)","line":327,"loc":{"start":{"line":327,"column":11},"end":{"line":327,"column":23}}},"26":{"name":"(anonymous_26)","line":331,"loc":{"start":{"line":331,"column":12},"end":{"line":331,"column":24}}},"27":{"name":"(anonymous_27)","line":336,"loc":{"start":{"line":336,"column":7},"end":{"line":336,"column":26}}},"28":{"name":"(anonymous_28)","line":340,"loc":{"start":{"line":340,"column":8},"end":{"line":340,"column":27}}},"29":{"name":"(anonymous_29)","line":344,"loc":{"start":{"line":344,"column":9},"end":{"line":344,"column":27}}},"30":{"name":"(anonymous_30)","line":347,"loc":{"start":{"line":347,"column":32},"end":{"line":347,"column":44}}},"31":{"name":"(anonymous_31)","line":352,"loc":{"start":{"line":352,"column":8},"end":{"line":352,"column":20}}},"32":{"name":"(anonymous_32)","line":368,"loc":{"start":{"line":368,"column":8},"end":{"line":368,"column":20}}},"33":{"name":"(anonymous_33)","line":373,"loc":{"start":{"line":373,"column":8},"end":{"line":373,"column":20}}},"34":{"name":"(anonymous_34)","line":384,"loc":{"start":{"line":384,"column":9},"end":{"line":384,"column":28}}},"35":{"name":"(anonymous_35)","line":388,"loc":{"start":{"line":388,"column":12},"end":{"line":388,"column":31}}},"36":{"name":"(anonymous_36)","line":406,"loc":{"start":{"line":406,"column":9},"end":{"line":406,"column":40}}},"37":{"name":"(anonymous_37)","line":443,"loc":{"start":{"line":443,"column":13},"end":{"line":443,"column":30}}},"38":{"name":"(anonymous_38)","line":447,"loc":{"start":{"line":447,"column":13},"end":{"line":447,"column":30}}}},"statementMap":{"1":{"start":{"line":1,"column":0},"end":{"line":1,"column":23}},"2":{"start":{"line":2,"column":0},"end":{"line":2,"column":39}},"3":{"start":{"line":3,"column":0},"end":{"line":3,"column":31}},"4":{"start":{"line":4,"column":0},"end":{"line":4,"column":29}},"5":{"start":{"line":5,"column":0},"end":{"line":5,"column":31}},"6":{"start":{"line":8,"column":0},"end":{"line":32,"column":1}},"7":{"start":{"line":9,"column":2},"end":{"line":9,"column":10}},"8":{"start":{"line":12,"column":2},"end":{"line":15,"column":3}},"9":{"start":{"line":13,"column":4},"end":{"line":13,"column":21}},"10":{"start":{"line":14,"column":4},"end":{"line":14,"column":18}},"11":{"start":{"line":17,"column":2},"end":{"line":21,"column":3}},"12":{"start":{"line":18,"column":4},"end":{"line":18,"column":36}},"13":{"start":{"line":19,"column":9},"end":{"line":21,"column":3}},"14":{"start":{"line":20,"column":4},"end":{"line":20,"column":38}},"15":{"start":{"line":23,"column":2},"end":{"line":25,"column":3}},"16":{"start":{"line":24,"column":4},"end":{"line":24,"column":68}},"17":{"start":{"line":27,"column":2},"end":{"line":29,"column":3}},"18":{"start":{"line":28,"column":4},"end":{"line":28,"column":37}},"19":{"start":{"line":31,"column":2},"end":{"line":31,"column":13}},"20":{"start":{"line":35,"column":0},"end":{"line":65,"column":1}},"21":{"start":{"line":36,"column":2},"end":{"line":36,"column":10}},"22":{"start":{"line":39,"column":2},"end":{"line":42,"column":3}},"23":{"start":{"line":40,"column":4},"end":{"line":40,"column":21}},"24":{"start":{"line":41,"column":4},"end":{"line":41,"column":18}},"25":{"start":{"line":44,"column":2},"end":{"line":50,"column":3}},"26":{"start":{"line":45,"column":4},"end":{"line":45,"column":26}},"27":{"start":{"line":46,"column":4},"end":{"line":46,"column":26}},"28":{"start":{"line":47,"column":9},"end":{"line":50,"column":3}},"29":{"start":{"line":48,"column":4},"end":{"line":48,"column":42}},"30":{"start":{"line":49,"column":4},"end":{"line":49,"column":42}},"31":{"start":{"line":52,"column":2},"end":{"line":52,"column":35}},"32":{"start":{"line":54,"column":2},"end":{"line":62,"column":3}},"33":{"start":{"line":56,"column":4},"end":{"line":56,"column":79}},"34":{"start":{"line":57,"column":9},"end":{"line":62,"column":3}},"35":{"start":{"line":58,"column":4},"end":{"line":58,"column":36}},"36":{"start":{"line":59,"column":9},"end":{"line":62,"column":3}},"37":{"start":{"line":61,"column":4},"end":{"line":61,"column":37}},"38":{"start":{"line":64,"column":2},"end":{"line":64,"column":13}},"39":{"start":{"line":67,"column":0},"end":{"line":76,"column":1}},"40":{"start":{"line":70,"column":2},"end":{"line":70,"column":40}},"41":{"start":{"line":71,"column":2},"end":{"line":71,"column":64}},"42":{"start":{"line":72,"column":2},"end":{"line":72,"column":24}},"43":{"start":{"line":73,"column":2},"end":{"line":73,"column":33}},"44":{"start":{"line":74,"column":2},"end":{"line":74,"column":30}},"45":{"start":{"line":75,"column":2},"end":{"line":75,"column":13}},"46":{"start":{"line":78,"column":0},"end":{"line":87,"column":1}},"47":{"start":{"line":81,"column":2},"end":{"line":81,"column":40}},"48":{"start":{"line":82,"column":2},"end":{"line":82,"column":63}},"49":{"start":{"line":83,"column":2},"end":{"line":83,"column":23}},"50":{"start":{"line":84,"column":2},"end":{"line":84,"column":32}},"51":{"start":{"line":85,"colu
[...]
ro = require('numbro');","var fecha = require('fecha');","var utils = require('./utils');","","// Generating int and floats is very similar so we route both to this single function","function getNumber (type, min, max, format, options) {","  var ret;","","  // Juggle the arguments if the user didn't supply a format string","  if (!options) {","    options = format;","    format = null;","  }","","  if (type === 'int') {","    ret = utils.randomInt(min, max);","  } else if (type === 'float') {","    ret = utils.randomFloat(min, max);","  }","","  if (typeof options.hash.round === 'number') {","    ret = Math.round(ret / options.hash.round) * options.hash.round;","  }","","  if (format) {","    ret = numbro(ret).format(format);","  }","","  return ret;","}","","// Generating time and dates is very similar so we route both to this single function","function getDate (type, min, max, format, options) {","  var ret;","","  // Juggle the arguments if the user didn't supply a format string","  if (!options) {","    options = format;","    format = null;","  }","","  if (type === 'date') {","    min = Date.parse(min);","    max = Date.parse(max);","  } else if (type === 'time') {","    min = Date.parse('1970-01-01T' + min);","    max = Date.parse('1970-01-01T' + max);","  }","","  ret = utils.randomDate(min, max);","","  if (format === 'unix') {","    // We need to undo the timezone offset fix from utils.randomDate()","    ret = Math.floor((ret.getTime() - ret.getTimezoneOffset() * 60000) / 1000);","  } else if (format) {","    ret = fecha.format(ret, format);","  } else if (type === 'time') {","    // Time has a default format if one is not specified","    ret = fecha.format(ret, 'HH:mm');","  }","","  return ret;","}","","function getFirstName (options) {","  // The value is cached so that other helpers can use it.","  // Each helper is allowed to use the cached value just once.","  var cache = options.data.root.__cache;","  var ret = utils.randomArrayItem(options.data.root.firstNames);","  cache.firstName = ret;","  cache.username_firstName = ret;","  cache.email_firstName = ret;","  return ret;","}","","function getLastName (options) {","  // The value is cached so that other helpers can use it.","  // Each helper is allowed to use the cached value just once.","  var cache = options.data.root.__cache;","  var ret = utils.randomArrayItem(options.data.root.lastNames);","  cache.lastName = ret;","  cache.username_lastName = ret;","  cache.email_lastName = ret;","  return ret;","}","","function getCompany (options) {","  // The value is cached so that other helpers can use it.","  // Each helper is allowed to use the cached value just once.","  var cache = options.data.root.__cache;","  var ret = utils.randomArrayItem(options.data.root.companies);","  cache.company = ret;","  cache.domain_company = ret;","  cache.email_company = ret;","  return ret;","}","","function getTld (options) {","  // The value is cached so that other helpers can use it.","  // Each helper is allowed to use the cached value just once.","  var cache = options.data.root.__cache;","  var tld = utils.randomArrayItem(options.data.root.tlds);","  cache.tld = tld;","  cache.domain_tld = tld;","  cache.email_tld = tld;","  return tld;","}","","var helpers = {","  repeat: function (min, max, options) {","    var ret = '';","    var total = 0;","    var data;","    var i;","","    if (arguments.length === 3) {","      // If given two numbers then pick a random one between the two","      total = utils.randomInt(min, max);","    } else if (arguments.length === 2) {","      // If given one number then just use it as a fixed repeat total","      options = max;","      total = min;","    } else {","      throw new Error('The repeat helper requires a numeric param');","    }","","    // Create a shallow copy of data so we can add variables without modifying the original","    data = Handlebars.Utils.extend({}, options.data);","","    for (i = 0; i < total; i++) {","      // Clear the linked values on each iteration so a new set of names/companies is generated","      options.data.root.__cache = {};","","      // You can access these in your template using @index, @total, @first, @last","      data.index = i;","      data.total = total;","      data.first = i === 0;","      data.last = i === total - 1;","","      // By using 'this' as the context the repeat block will inherit the current scope","      ret = ret + options.fn(this, {data: data});","","      if (options.hash.comma !== false) {","        // Trim any whitespace left by handlebars and add a comma if it doesn't already exist,","        // also trim any trailing commas that might be at the end of the loop","        ret = ret.trimRight();","        if (i < total - 1 && ret.charAt(ret.length - 1) !== ',') {","          ret += ',';","        } else if (i === total - 1 && ret.charAt(ret.length - 1) === ',') {","          ret = ret.slice(0, -1);","        }","        ret += os.EOL;","      }","    }","","    return ret;","  },","","  int: function (min, max, format, options) {","    if (arguments.length !== 3 && arguments.length !== 4) {","      throw new Error('The int helper requires two numeric params');","    }","    return getNumber('int', min, max, format, options);","  },","","  float: function (min, max, format, options) {","    if (arguments.length !== 3 && arguments.length !== 4) {","      throw new Error('The float helper requires two numeric params');","    }","    return getNumber('float', min, max, format, options);","  },","","  boolean: function () {","    return utils.randomBoolean().toString();","  },","","  date: function (min, max, format, options) {","    if (arguments.length !== 3 && arguments.length !== 4) {","      throw new Error('The date helper requires two string params');","    }","    return getDate('date', min, max, format, options);","  },","","  time: function (min, max, format, options) {","    if (arguments.length !== 3 && arguments.length !== 4) {","      throw new Error('The time helper requires two string params');","    }","    return getDate('time', min, max, format, options);","  },","","  title: function (options) {","    return utils.randomArrayItem(options.data.root.titles);","  },","","  firstName: function (options) {","    // Try to use the cached values first, otherwise generate a new value","    var cache = options.data.root.__cache;","    var ret = cache.firstName || getFirstName(options);","","    // The cached values are cleared so they can't be used again","    cache.firstName = null;","    return ret;","  },","","  lastName: function (options) {","    // Try to use the cached values first, otherwise generate a new value","    var cache = options.data.root.__cache;","    var ret = cache.lastName || getLastName(options);","","    // The cached values are cleared so they can't be used again","    cache.lastName = null;","    return ret;","  },","","  username: function (options) {","    // Try to use the cached values first, otherwise generate a new value","    var cache = options.data.root.__cache;","    var first = cache.username_firstName || getFirstName(options);","    var last = cache.username_lastName || getLastName(options);","","    // The cached values are cleared so they can't be used again","    cache.username_firstName = null;","    cache.username_lastName = null;","","    return first.substr(0, 1).toLowerCase() + last.toLowerCase();","  },","","  company: function (options) {","    // Try to use the cached values first, otherwise generate a new value","    var cache = options.data.root.__cache;","    var company = cache.company || getCompany(options);","","    // The cached values are cleared so they can't be used again","    cache.company = null;","    return company;","  },","","  tld: function (options) {","    // Try to use the cached values first, otherwise generate a new value","    var cache = options.data.root.__cache;","    var tld = cache.tld || getTld(options);","","    // The cached values are cleared so they can't be used again","    cache.tld = null;","    return tld;","  },","","  domain: function (options) {","    // Try to use the cached values first, otherwise generate a new value","    var cache = options.data.root.__cache;","    var company = cache.domain_company || getCompany(options);","    var tld = cache.domain_tld || getTld(options);","","    // The cached values are cleared so they can't be used again","    cache.domain_company = null;","    cache.domain_tld = null;","","    return company.toLowerCase() + '.' + tld;","  },","","  email: function (options) {","    // Try to use the cached values first, otherwise generate a new value","    var cache = options.data.root.__cache;","    var first = cache.email_firstName || getFirstName(options);","    var last = cache.email_lastName || getLastName(options);","    var company = cache.email_company || getCompany(options);","    var tld = cache.email_tld || getTld(options);","","    // The cached values are cleared so they can't be used again","    cache.email_firstName = null;","    cache.email_lastName = null;","    cache.email_company = null;","    cache.email_tld = null;","","    return first.toLowerCase() + '.' + last.toLowerCase() +","      '@' + company.toLowerCase() + '.' + tld;","  },","","  street: function (options) {","    return utils.randomArrayItem(options.data.root.streets);","  },","","  city: function (options) {","    return utils.randomArrayItem(options.data.root.cities);","  },","","  country: function (options) {","    var ret;","    var rootData = options.data.root;","    var cache = rootData.__cache;","","    // Try to use the cached values first, otherwise generate a new value","    if (cache.country) {","      ret = cache.country;","    } else {","      var pos = utils.randomInt(0, rootData.countries.length - 1);","      ret = rootData.countries[pos];","      cache.countryCode = rootData.countryCodes[pos];","    }","","    // The cached values are cleared so they can't be used again","    cache.country = null;","    return ret;","  },","","  countryCode: function (options) {","    var ret;","    var rootData = options.data.root;","    var cache = rootData.__cache;","","    // Try to use the cached values first, otherwise generate a new value","    if (cache.countryCode) {","      ret = cache.countryCode;","    } else {","      var pos = utils.randomInt(0, rootData.countries.length - 1);","      ret = rootData.countryCodes[pos];","      cache.country = rootData.countries[pos];","    }","","    // The cached values are cleared so they can't be used again","    cache.countryCode = null;","    return ret;","  },","","  zipcode: function () {","    return ('0' + utils.randomInt(1000, 99999).toString()).slice(-5);","  },","","  postcode: function () {","    return utils.randomChar() + utils.randomChar() + utils.randomInt(0, 9) + ' ' +","      utils.randomInt(0, 9) + utils.randomChar() + utils.randomChar();","  },","","  lat: function (options) {","    return getNumber('float', -90, 90, '0.000000', options);","  },","","  long: function (options) {","    return getNumber('float', -180, 180, '0.000000', options);","  },","","  phone: function (format) {","    // Provide a default format if one is not given","    format = (typeof format === 'string') ? format : 'xxx-xxx-xxxx';","    return format.replace(/x/g, function () {","      return utils.randomInt(0, 9);","    });","  },","","  guid: function () {","    var ret = '';","    var i = 0;","    var mask = 'xxxxxxxx-xxxx-4xxx-yxxx-xxxxxxxxxxxx';","    var c, r, v;","","    while (i++ < 36) {","      c = mask[i - 1];","      r = utils.random() * 16 | 0;","      v = (c === 'x') ? r : (r & 0x3 | 0x8);","      ret += (c === '-' || c === '4') ? c : v.toString(16);","    }","","    return ret;","  },","","  ipv4: function () {","    return utils.randomInt(1, 255) + '.' + utils.randomInt(0, 255) + '.' +","      utils.randomInt(0, 255) + '.' + utils.randomInt(0, 255);","  },","","  ipv6: function () {","    return utils.randomInt(1, 0xffff).toString(16) + ':' +","      utils.randomInt(0, 0xffff).toString(16) + ':' +","      utils.randomInt(0, 0xffff).toString(16) + ':' +","      utils.randomInt(0, 0xffff).toString(16) + ':' +","      utils.randomInt(0, 0xffff).toString(16) + ':' +","      utils.randomInt(0, 0xffff).toString(16) + ':' +","      utils.randomInt(0, 0xffff).toString(16) + ':' +","      utils.randomInt(0, 0xffff).toString(16);","  },","","  color: function (options) {","    return utils.randomArrayItem(options.data.root.colors);","  },","","  hexColor: function (options) {","    var r = utils.randomInt(0, 0xff);","    var g = utils.randomInt(0, 0xff);","    var b = utils.randomInt(0, 0xff);","","    if (options.hash.websafe === true) {","      r = Math.round(r / 0x33) * 0x33;","      g = Math.round(g / 0x33) * 0x33;","      b = Math.round(b / 0x33) * 0x33;","    }","","    // Ensure that single digit values are padded with leading zeros","    return '#' +","      ('0' + r.toString(16)).slice(-2) +","      ('0' + g.toString(16)).slice(-2) +","      ('0' + b.toString(16)).slice(-2);","  },","","  lorem: function (totalWords, options) {","    var ret = '';","    var i, word;","    var isNewSentence = true;","    var lastPunctuationIndex = 0;","","    // Juggle the arguments if totalWords wasn't provided","    if (!options) {","      options = totalWords;","      totalWords = 25;","    }","","    for (i = 0; i < totalWords; i++) {","      word = utils.randomArrayItem(options.data.root.lorem);","","      // If the last iteration triggered a new sentence then capitalize the first letter","      if (isNewSentence) {","        word = word.charAt(0).toUpperCase() + word.slice(1);","        isNewSentence = false;","      }","","      // Only introduce new punctuation if we're more then 3 words away from the end,","      // and more than 3 words since the last punctuation, and a 1 in 3 chance.","      if (i < totalWords - 3 && i - lastPunctuationIndex > 3 && utils.random() < 0.3) {","        isNewSentence = utils.random() < 0.6;","        word = word + (isNewSentence ? '.' : ',');","        lastPunctuationIndex = i;","      }","","      ret = ret + word + ' ';","    }","","    // Add a period/full-stop at the very end","    ret = ret.trimRight() + '.';","    return ret;","  },","","  lowercase: function (value) {","    return value.toLowerCase();","  },","","  uppercase: function (value) {","    return value.toUpperCase();","  }","};","","module.exports = helpers;",""],"l":{"1":1,"2":1,"3":1,"4":1,"5":1,"8":1,"9":0,"12":0,"13":0,"14":0,"17":0,"18":0,"19":0,"20":0,"23":0,"24":0,"27":0,"28":0,"31":0,"35":1,"36":0,"39":0,"40":0,"41":0,"44":0,"45":0,"46":0,"47":0,"48":0,"49":0,"52":0,"54":0,"56":0,"57":0,"58":0,"59":0,"61":0,"64":0,"67":1,"70":0,"71":0,"72":0,"73":0,"74":0,"75":0,"78":1,"81":0,"82":0,"83":0,"84":0,"85":0,"86":0,"89":1,"92":0,"93":0,"94":0,"95":0,"96":0,"97":0,"100":1,"103":0,"104":0,"105":0,"106":0,"107":0,"108":0,"111":1,"113":0,"114":0,"115":0,"116":0,"118":0,"120":0,"121":0,"123":0,"124":0,"126":0,"130":0,"132":0,"134":0,"137":0,"138":0,"139":0,"140":0,"143":0,"145":0,"148":0,"149":0,"150":0,"151":0,"152":0,"154":0,"158":0,"162":0,"163":0,"165":0,"169":0,"170":0,"172":0,"176":0,"180":0,"181":0,"183":0,"187":0,"188":0,"190":0,"194":0,"199":0,"200":0,"203":0,"204":0,"209":0,"210":0,"213":0,"214":0,"219":0,"220":0,"221":0,"224":0,"225":0,"227":0,"232":0,"233":0,"236":0,"237":0,"242":0,"243":0,"246":0,"247":0,"252":0,"253":0,"254":0,"257":0,"258":0,"260":0,"265":0,"266":0,"267":0,"268":0,"269":0,"272":0,"273":0,"274":0,"275":0,"277":0,"282":0,"286":0,"290":0,"291":0,"292":0,"295":0,"296":0,"298":0,"299":0,"300":0,"304":0,"305":0,"309":0,"310":0,"311":0,"314":0,"315":0,"317":0,"318":0,"319":0,"323":0,"324":0,"328":0,"332":0,"337":0,"341":0,"346":0,"347":0,"348":0,"353":0,"354":0,"355":0,"356":0,"358":0,"359":0,"360":0,"361":0,"362":0,"365":0,"369":0,"374":0,"385":0,"389":0,"390":0,"391":0,"393":0,"394":0,"395":0,"396":0,"400":0,"407":0,"408":0,"409":0,"410":0,"413":0,"414":0,"415":0,"418":0,"419":0,"422":0,"423":0,"424":0,"429":0,"430":0,"431":0,"432":0,"435":0,"439":0,"440":0,"444":0,"448":0,"452":1}},"/home/travis/build/npmtest/node-npmtest-dummy-json/node_modules/dummy-json/lib/utils.js":{"path":"/home/travis/build/npmtest/node-npmtest-dummy-json/node_modules/dummy-json/lib/utils.js","s":{"1":1,"2":1,"3":1,"4":0,"5":0,"6":0,"7":0,"8":0,"9":0,"10":0,"11":0,"12":0,"13":0,"14":0,"15":1},"b":{"1":[0,0]},"f":{"1":0,"2":0,"3":0,"4":0,"5":0,"6":0,"7":0,"8":0},"fnMap":{"1":{"name":"(anonymous_1)","line":7,"loc":{"start":{"line":7,"column":17},"end":{"line":7,"column":33}}},"2":{"name":"(anonymous_2)","line":11,"loc":{"start":{"line":11,"column":10},"end":{"line":11,"column":22}}},"3":{"name":"(anonymous_3)","line":15,"loc":{"start":{"line":15,"column":13},"end":{"line":15,"column":33}}},"4":{"name":"(anonymous_4)","line":19,"loc":{"start":{"line":19,"column":15},"end":{"line":19,"column":35}}},"5":{"name":"(anonymous_5)","line":23,"loc":{"start":{"line":23,"column":17},"end":{"line":23,"column":29}}},"6":{"name":"(anonymous_6)","line":27,"loc":{"start":{"line":27,"column":14},"end":{"line":27,"column":34}}},"7":{"name":"(anonymous_7)","line":34,"loc":{"start":{"line":34,"column":19},"end":{"line":34,"column":36}}},"8":{"name":"(anonymous_8)","line":38,"loc":{"start":{"line":38,"column":14},"end":{"line":38,"column":33}}}},"statementMap":{"1":{"start":{"line":1,"column":0},"end":{"line":1,"column":39}},"2":{"start":{"line":4,"column":0},"end":{"line":4,"column":24}},"3":{"start":{"line":6,"column":0},"end":{"line":42,"column":2}},"4":{"start":{"line":8,"column":4},"end":{"line":8,"column":28}},"5":{"start":{"line":12,"column":4},"end":{"line":12,"column":18}},"6":{"start":{"line":16,"column":4},"end":{"line":16,"column":62}},"7":{"start":{"line":20,"column":4},"end":{"line":20,"column":46}},"8":{"start":{"line":24,"column":4},"end":{"line":24,"column":32}},"9":{"start":{"line":29,"column":4},"end":{"line":29,"column":69}},"10":{"start":{"line":30,"column":4},"end":{"line":30,"column":59}},"11":{"start":{"line":31,"column":4},"end":{"line":31,"column":13}},"12":{"start":{"line":35,"column":4},"end":{"line":35,"column":55}},"13":{"start":{"line":39,"column":4},"end":{"line":39,"column":54}},"14":{"start":{"line":40,"column":4},"end":{"line":40,"column":66}},"15":{"start":{"line":44,"column":0},"end":{"line":44,"column":23}}},"branchMap":{"1":{"line":39,"type":"binary-expr","locations":[{"start":{"line":39,"column":14},"end":{"line":39,"column":21}},{"start":{"line":39,"column":25},"end":{"line":39,"column":53}}]}},"code":["var seedrandom = require('seedrandom');","","// Create an instance of the prng without a seed (so it'll be a random sequence every time)","var prng = seedrandom();","","var utils = {","  setRandomSeed: function (seed) {","    prng = seedrandom(seed);","  },","","  random: function () {","    return prng();","  },","","  randomInt: function (min, max) {","    return Math.floor(utils.random() * (max - min + 1)) + min;","  },","","  randomFloat: function (min, max) {","    return utils.random() * (max - min) + min;","  },","","  randomBoolean: function () {","    return utils.random() < 0.5;","  },","","  randomDate: function (min, max) {","    // We add the timezone offset to avoid the date falling outside the supplied range","    var d = new Date(Math.floor(utils.random() * (max - min)) + min);","    d.setTime(d.getTime() + d.getTimezoneOffset() * 60000);","    return d;","  },","","  randomArrayItem: function (array) {","    return array[utils.randomInt(0, array.length - 1)];","  },","","  randomChar: function (charset) {","    charset = charset || 'ABCDEFGHIJKLMNOPQRSTUVWXYZ';","    return charset.charAt(utils.randomInt(0, charset.length - 1));","  }","};","","module.exports = utils;",""],"l":{"1":1,"4":1,"6":1,"8":0,"12":0,"16":0,"20":0,"24":0,"29":0,"30":0,"31":0,"35":0,"39":0,"40":0,"44":1}}}